#! /c/iverilog/bin/vvp
:ivl_version "12.0 (devel)" "(s20150603-965-g55e06db6)";
:ivl_delay_selection "TYPICAL";
:vpi_time_precision + 0;
:vpi_module "C:\iverilog\lib\ivl\system.vpi";
:vpi_module "C:\iverilog\lib\ivl\vhdl_sys.vpi";
:vpi_module "C:\iverilog\lib\ivl\vhdl_textio.vpi";
:vpi_module "C:\iverilog\lib\ivl\v2005_math.vpi";
:vpi_module "C:\iverilog\lib\ivl\va_math.vpi";
S_00000000001aeb50 .scope module, "Imm_Gen" "Imm_Gen" 2 1;
 .timescale 0 0;
    .port_info 0 /INPUT 32 "instruction_imm";
    .port_info 1 /INPUT 1 "clk";
v00000000001ad9a0_0 .var "Cero", 0 0;
v00000000001a6860_0 .net "Data_1", 11 0, L_00000000008a1f20;  1 drivers
v00000000001aece0_0 .net "Data_2", 0 0, L_00000000008a1fc0;  1 drivers
v00000000001aed80_0 .var "One", 0 0;
o00000000008a7098 .functor BUFZ 1, C4<z>; HiZ drive
v00000000001aee20_0 .net "clk", 0 0, o00000000008a7098;  0 drivers
o00000000008a70c8 .functor BUFZ 32, C4<zzzzzzzzzzzzzzzzzzzzzzzzzzzzzzzz>; HiZ drive
v00000000001aeec0_0 .net "instruction_imm", 31 0, o00000000008a70c8;  0 drivers
v00000000008a1e80_0 .var "wireConection", 63 0;
E_00000000008a69c0 .event posedge, v00000000001aee20_0;
L_00000000008a1f20 .part o00000000008a70c8, 20, 12;
L_00000000008a1fc0 .part o00000000008a70c8, 31, 1;
    .scope S_00000000001aeb50;
T_0 ;
    %pushi/vec4 1, 0, 1;
    %store/vec4 v00000000001aed80_0, 0, 1;
    %pushi/vec4 0, 0, 1;
    %store/vec4 v00000000001ad9a0_0, 0, 1;
    %end;
    .thread T_0;
    .scope S_00000000001aeb50;
T_1 ;
    %wait E_00000000008a69c0;
    %load/vec4 v00000000001aece0_0;
    %pad/u 32;
    %cmpi/e 1, 0, 32;
    %jmp/0xz  T_1.0, 4;
    %load/vec4 v00000000001aed80_0;
    %load/vec4 v00000000001a6860_0;
    %concat/vec4; draw_concat_vec4
    %pad/u 64;
    %store/vec4 v00000000008a1e80_0, 0, 64;
    %jmp T_1.1;
T_1.0 ;
    %load/vec4 v00000000001ad9a0_0;
    %load/vec4 v00000000001aece0_0;
    %concat/vec4; draw_concat_vec4
    %pad/u 64;
    %store/vec4 v00000000008a1e80_0, 0, 64;
T_1.1 ;
    %jmp T_1;
    .thread T_1;
# The file index is used to find the file name in the following table.
:file_names 3;
    "N/A";
    "<interactive>";
    "imm.v";
