#! /c/iverilog/bin/vvp
:ivl_version "12.0 (devel)" "(s20150603-965-g55e06db6)";
:ivl_delay_selection "TYPICAL";
:vpi_time_precision - 12;
:vpi_module "C:\iverilog\lib\ivl\system.vpi";
:vpi_module "C:\iverilog\lib\ivl\vhdl_sys.vpi";
:vpi_module "C:\iverilog\lib\ivl\vhdl_textio.vpi";
:vpi_module "C:\iverilog\lib\ivl\v2005_math.vpi";
:vpi_module "C:\iverilog\lib\ivl\va_math.vpi";
S_0000000000aafe40 .scope module, "simple_proccessor32bits_tb" "simple_proccessor32bits_tb" 2 4;
 .timescale -9 -9;
v0000000000b0a030_0 .var "clk", 0 0;
v0000000000b0a0d0_0 .var "reset", 0 0;
S_0000000000aae690 .scope module, "simple_proccessor32bitstb" "simple_processor" 2 8, 3 323 0, S_0000000000aafe40;
 .timescale -9 -12;
    .port_info 0 /INPUT 1 "clk";
    .port_info 1 /INPUT 1 "reset";
v0000000000b09770_0 .net "clk", 0 0, v0000000000b0a030_0;  1 drivers
v0000000000b09b30_0 .net "conexion1", 63 0, v0000000000b094f0_0;  1 drivers
v0000000000b09810_0 .net "conexion10", 0 0, v0000000000b069d0_0;  1 drivers
v0000000000b09270_0 .net "conexion11", 0 0, L_0000000000b1bdc0;  1 drivers
v0000000000b0a3f0_0 .net "conexion12", 63 0, v0000000000b061b0_0;  1 drivers
v0000000000b0a710_0 .net "conexion13", 0 0, L_0000000000a99a50;  1 drivers
v0000000000b09630_0 .net "conexion14", 63 0, v0000000000b071f0_0;  1 drivers
v0000000000b09950_0 .net "conexion15", 63 0, v0000000000b06cf0_0;  1 drivers
v0000000000b09db0_0 .net "conexion16", 63 0, v0000000000b07d30_0;  1 drivers
v0000000000b09450_0 .net "conexion17", 0 0, v0000000000b07470_0;  1 drivers
v0000000000b09e50_0 .net "conexion18", 0 0, v0000000000b06a70_0;  1 drivers
v0000000000b099f0_0 .net "conexion19", 0 0, v0000000000b07dd0_0;  1 drivers
v0000000000b09a90_0 .net "conexion2", 31 0, v0000000000b0adf0_0;  1 drivers
v0000000000b09bd0_0 .net "conexion20", 63 0, v0000000000b07970_0;  1 drivers
v0000000000b0a530_0 .net "conexion21", 63 0, v0000000000b0aa30_0;  1 drivers
v0000000000b0a850_0 .net "conexion22", 63 0, v0000000000b096d0_0;  1 drivers
v0000000000b09c70_0 .net "conexion3", 63 0, L_0000000000b0a170;  1 drivers
v0000000000b0a490_0 .net "conexion4", 63 0, L_0000000000b0a990;  1 drivers
v0000000000b0a5d0_0 .net "conexion5", 63 0, v0000000000b09090_0;  1 drivers
v0000000000b0a670_0 .net "conexion6", 0 0, v0000000000b062f0_0;  1 drivers
v0000000000b09d10_0 .net "conexion7", 1 0, v0000000000b067f0_0;  1 drivers
v0000000000b09ef0_0 .net "conexion8", 3 0, v0000000000a9f7b0_0;  1 drivers
v0000000000b09f90_0 .net "conexion9", 0 0, v0000000000b06ed0_0;  1 drivers
v0000000000b0a8f0_0 .net "reset", 0 0, v0000000000b0a0d0_0;  1 drivers
L_0000000000b0a210 .part v0000000000b0adf0_0, 15, 5;
L_0000000000b0a2b0 .part v0000000000b0adf0_0, 20, 5;
L_0000000000b1cb80 .part v0000000000b0adf0_0, 7, 5;
L_0000000000b1c2c0 .part v0000000000b0adf0_0, 0, 7;
L_0000000000b1c680 .part v0000000000b0adf0_0, 12, 3;
L_0000000000b1c860 .part v0000000000b0adf0_0, 30, 1;
S_0000000000aae820 .scope module, "ALUcontrol_instance" "ALUcontrol" 3 399, 3 183 0, S_0000000000aae690;
 .timescale -9 -12;
    .port_info 0 /INPUT 2 "ALUop";
    .port_info 1 /INPUT 3 "FuncCode";
    .port_info 2 /INPUT 1 "FuncCodeSeven";
    .port_info 3 /OUTPUT 4 "ALU_Cnt";
v0000000000a9f710_0 .net "ALUControlIn", 5 0, L_0000000000b1cea0;  1 drivers
v0000000000a9f7b0_0 .var "ALU_Cnt", 3 0;
v0000000000a9fdf0_0 .net "ALUop", 1 0, v0000000000b067f0_0;  alias, 1 drivers
v0000000000a9fcb0_0 .net "FuncCode", 2 0, L_0000000000b1c680;  1 drivers
v0000000000a9fe90_0 .net "FuncCodeSeven", 0 0, L_0000000000b1c860;  1 drivers
E_0000000000aa4b80 .event edge, v0000000000a9f710_0;
L_0000000000b1cea0 .concat [ 1 3 2 0], L_0000000000b1c860, L_0000000000b1c680, v0000000000b067f0_0;
S_0000000000a96730 .scope module, "Imm_Gen_instance" "Imm_Gen" 3 431, 3 253 0, S_0000000000aae690;
 .timescale -9 -12;
    .port_info 0 /INPUT 32 "instruction_imm";
    .port_info 1 /INPUT 1 "clk";
    .port_info 2 /OUTPUT 64 "wireConection";
v0000000000a9ef90_0 .var "Cero", 0 0;
v0000000000b06890_0 .net "Data_1", 11 0, L_0000000000b1d120;  1 drivers
v0000000000b06930_0 .net "Data_2", 0 0, L_0000000000b1be60;  1 drivers
v0000000000b06b10_0 .var "One", 0 0;
v0000000000b07290_0 .net "clk", 0 0, v0000000000b0a030_0;  alias, 1 drivers
v0000000000b06c50_0 .net "instruction_imm", 31 0, v0000000000b0adf0_0;  alias, 1 drivers
v0000000000b071f0_0 .var "wireConection", 63 0;
E_0000000000aa43c0 .event posedge, v0000000000b07290_0;
L_0000000000b1d120 .part v0000000000b0adf0_0, 20, 12;
L_0000000000b1be60 .part v0000000000b0adf0_0, 31, 1;
S_0000000000a968c0 .scope module, "RegisterMemory_instance" "RegisterMemory" 3 365, 3 41 0, S_0000000000aae690;
 .timescale -9 -12;
    .port_info 0 /INPUT 5 "rs1";
    .port_info 1 /INPUT 5 "rs2";
    .port_info 2 /INPUT 5 "rd";
    .port_info 3 /INPUT 64 "WriteData";
    .port_info 4 /INPUT 1 "RegWrite";
    .port_info 5 /OUTPUT 64 "Data1";
    .port_info 6 /OUTPUT 64 "Data2";
    .port_info 7 /INPUT 1 "clk";
v0000000000b07010_0 .net "Data1", 63 0, L_0000000000b0a990;  alias, 1 drivers
v0000000000b06bb0_0 .net "Data2", 63 0, L_0000000000b0a170;  alias, 1 drivers
v0000000000b07330 .array "RF", 0 63, 63 0;
v0000000000b06110_0 .net "RegWrite", 0 0, v0000000000b062f0_0;  alias, 1 drivers
v0000000000b070b0_0 .net "WriteData", 63 0, v0000000000b0aa30_0;  alias, 1 drivers
L_0000000000b40088 .functor BUFT 1, C4<00000000000000000000000000000000000000000000000000000000000>, C4<0>, C4<0>, C4<0>;
v0000000000b07b50_0 .net/2u *"_ivl_0", 58 0, L_0000000000b40088;  1 drivers
L_0000000000b400d0 .functor BUFT 1, C4<00000000000000000000000000000000000000000000000000000000000>, C4<0>, C4<0>, C4<0>;
v0000000000b06570_0 .net/2u *"_ivl_4", 58 0, L_0000000000b400d0;  1 drivers
v0000000000b07150_0 .net "clk", 0 0, v0000000000b0a030_0;  alias, 1 drivers
v0000000000b07ab0_0 .net "rd", 4 0, L_0000000000b1cb80;  1 drivers
v0000000000b06610_0 .net "rs1", 4 0, L_0000000000b0a210;  1 drivers
v0000000000b07510_0 .net "rs2", 4 0, L_0000000000b0a2b0;  1 drivers
L_0000000000b0a990 .concat [ 5 59 0 0], L_0000000000b0a210, L_0000000000b40088;
L_0000000000b0a170 .concat [ 5 59 0 0], L_0000000000b0a2b0, L_0000000000b400d0;
S_0000000000a96a50 .scope module, "addFour_instance" "addFour" 3 418, 3 230 0, S_0000000000aae690;
 .timescale -9 -12;
    .port_info 0 /INPUT 64 "cont";
    .port_info 1 /OUTPUT 64 "salidaAddFour";
o0000000000ab0698 .functor BUFZ 1, C4<z>; HiZ drive
v0000000000b07650_0 .net "clk", 0 0, o0000000000ab0698;  0 drivers
v0000000000b06e30_0 .net "cont", 63 0, v0000000000b094f0_0;  alias, 1 drivers
v0000000000b061b0_0 .var "salidaAddFour", 63 0;
E_0000000000aa4600 .event posedge, v0000000000b07650_0;
S_0000000000a6b330 .scope module, "addLeft_instance" "addLeft" 3 423, 3 240 0, S_0000000000aae690;
 .timescale -9 -12;
    .port_info 0 /INPUT 1 "clk";
    .port_info 1 /INPUT 64 "contProgramData";
    .port_info 2 /INPUT 64 "shiftLef";
    .port_info 3 /OUTPUT 64 "salidaAddLeft";
P_0000000000aa4440 .param/l "B" 0 3 246, +C4<00000000000000000000000000000001>;
v0000000000b076f0_0 .net "clk", 0 0, v0000000000b0a030_0;  alias, 1 drivers
v0000000000b066b0_0 .net "contProgramData", 63 0, v0000000000b094f0_0;  alias, 1 drivers
v0000000000b06cf0_0 .var "salidaAddLeft", 63 0;
v0000000000b07e70_0 .net "shiftLef", 63 0, v0000000000b071f0_0;  alias, 1 drivers
S_0000000000a6b4c0 .scope module, "alu_instance" "ALU" 3 381, 3 77 0, S_0000000000aae690;
 .timescale -9 -12;
    .port_info 0 /INPUT 64 "A";
    .port_info 1 /INPUT 64 "B";
    .port_info 2 /INPUT 4 "ALUcontrol";
    .port_info 3 /OUTPUT 64 "ALUresult";
    .port_info 4 /OUTPUT 1 "Zero";
v0000000000b07bf0_0 .net "A", 63 0, L_0000000000b0a990;  alias, 1 drivers
v0000000000b06750_0 .net "ALUcontrol", 3 0, v0000000000a9f7b0_0;  alias, 1 drivers
v0000000000b07d30_0 .var "ALUresult", 63 0;
v0000000000b07f10_0 .net "B", 63 0, v0000000000b09090_0;  alias, 1 drivers
v0000000000b07a10_0 .net "Zero", 0 0, L_0000000000b1bdc0;  alias, 1 drivers
L_0000000000b40118 .functor BUFT 1, C4<0000000000000000000000000000000000000000000000000000000000000000>, C4<0>, C4<0>, C4<0>;
v0000000000b06d90_0 .net/2u *"_ivl_0", 63 0, L_0000000000b40118;  1 drivers
E_0000000000aa4880 .event edge, v0000000000b07f10_0, v0000000000b07010_0, v0000000000a9f7b0_0;
L_0000000000b1bdc0 .cmp/eq 64, v0000000000b07d30_0, L_0000000000b40118;
S_0000000000a6b650 .scope module, "andGate_instance" "andGate" 3 406, 3 206 0, S_0000000000aae690;
 .timescale -9 -12;
    .port_info 0 /INPUT 1 "D";
    .port_info 1 /INPUT 1 "E";
    .port_info 2 /OUTPUT 1 "out";
L_0000000000a99a50 .functor AND 1, v0000000000b069d0_0, L_0000000000b1bdc0, C4<1>, C4<1>;
v0000000000b073d0_0 .net "D", 0 0, v0000000000b069d0_0;  alias, 1 drivers
v0000000000b06250_0 .net "E", 0 0, L_0000000000b1bdc0;  alias, 1 drivers
v0000000000b07c90_0 .net "out", 0 0, L_0000000000a99a50;  alias, 1 drivers
S_0000000000a7fca0 .scope module, "control_unit_instance" "control_unit" 3 388, 3 96 0, S_0000000000aae690;
 .timescale -9 -12;
    .port_info 0 /INPUT 7 "opcode";
    .port_info 1 /OUTPUT 2 "alu_op";
    .port_info 2 /OUTPUT 1 "branch";
    .port_info 3 /OUTPUT 1 "memRead";
    .port_info 4 /OUTPUT 1 "memToReg";
    .port_info 5 /OUTPUT 1 "memWrite";
    .port_info 6 /OUTPUT 1 "aluSrc";
    .port_info 7 /OUTPUT 1 "regWrite";
v0000000000b06ed0_0 .var "aluSrc", 0 0;
v0000000000b067f0_0 .var "alu_op", 1 0;
v0000000000b069d0_0 .var "branch", 0 0;
v0000000000b06a70_0 .var "memRead", 0 0;
v0000000000b07dd0_0 .var "memToReg", 0 0;
v0000000000b07470_0 .var "memWrite", 0 0;
v0000000000b06f70_0 .net "opcode", 6 0, L_0000000000b1c2c0;  1 drivers
v0000000000b062f0_0 .var "regWrite", 0 0;
E_0000000000aa5280 .event edge, v0000000000b06f70_0;
S_0000000000a7fe30 .scope module, "data_memory_instance" "data_memory" 3 437, 3 273 0, S_0000000000aae690;
 .timescale -9 -12;
    .port_info 0 /INPUT 64 "Adress";
    .port_info 1 /INPUT 64 "WriteData";
    .port_info 2 /INPUT 1 "MemWrite";
    .port_info 3 /INPUT 1 "MemRead";
    .port_info 4 /INPUT 1 "clk";
    .port_info 5 /OUTPUT 64 "ReadData";
v0000000000b075b0_0 .net "Adress", 63 0, v0000000000b07d30_0;  alias, 1 drivers
v0000000000b07790 .array "MEMO", 1024 0, 63 0;
v0000000000b07830_0 .net "MemRead", 0 0, v0000000000b06a70_0;  alias, 1 drivers
v0000000000b078d0_0 .net "MemWrite", 0 0, v0000000000b07470_0;  alias, 1 drivers
v0000000000b07970_0 .var "ReadData", 63 0;
v0000000000b06070_0 .net "WriteData", 63 0, L_0000000000b0a170;  alias, 1 drivers
v0000000000b06390_0 .net "clk", 0 0, v0000000000b0a030_0;  alias, 1 drivers
v0000000000b06430_0 .var "i", 63 0;
S_0000000000a7ffc0 .scope module, "im_instance" "InstructionMemory" 3 352, 3 4 0, S_0000000000aae690;
 .timescale -9 -9;
    .port_info 0 /INPUT 1 "clk";
    .port_info 1 /INPUT 64 "address";
    .port_info 2 /OUTPUT 32 "instruction";
v0000000000b064d0 .array "Imem", 0 0, 31 0;
v0000000000b0a7b0_0 .net "address", 63 0, v0000000000b094f0_0;  alias, 1 drivers
v0000000000b0ac10_0 .net "clk", 0 0, v0000000000b0a030_0;  alias, 1 drivers
v0000000000b0adf0_0 .var "instruction", 31 0;
v0000000000b091d0_0 .var "memAddr", 7 0;
S_0000000000a8c4f0 .scope module, "multiplexorDataMemory_instance" "multiplexorDataMemory" 3 446, 3 305 0, S_0000000000aae690;
 .timescale -9 -12;
    .port_info 0 /INPUT 64 "i3";
    .port_info 1 /INPUT 64 "i4";
    .port_info 2 /INPUT 1 "selectMemory";
    .port_info 3 /OUTPUT 64 "outMulti";
v0000000000b0ae90_0 .net "i3", 63 0, v0000000000b07d30_0;  alias, 1 drivers
v0000000000b0af30_0 .net "i4", 63 0, v0000000000b07970_0;  alias, 1 drivers
v0000000000b0aa30_0 .var "outMulti", 63 0;
v0000000000b0aad0_0 .net "selectMemory", 0 0, v0000000000b07dd0_0;  alias, 1 drivers
E_0000000000aa5f00 .event edge, v0000000000b07970_0, v0000000000b07d30_0;
S_0000000000a8c680 .scope module, "multiplexorShiftLeft_instance" "multiplexorShiftLeft" 3 411, 3 215 0, S_0000000000aae690;
 .timescale -9 -12;
    .port_info 0 /INPUT 64 "i0";
    .port_info 1 /INPUT 64 "i1";
    .port_info 2 /INPUT 1 "select";
    .port_info 3 /OUTPUT 64 "y";
v0000000000b0ab70_0 .net "i0", 63 0, v0000000000b061b0_0;  alias, 1 drivers
v0000000000b0a350_0 .net "i1", 63 0, v0000000000b06cf0_0;  alias, 1 drivers
v0000000000b09590_0 .net "select", 0 0, L_0000000000a99a50;  alias, 1 drivers
v0000000000b096d0_0 .var "y", 63 0;
E_0000000000aa5100 .event edge, v0000000000b06cf0_0, v0000000000b061b0_0;
S_0000000000a8c810 .scope module, "multiplexor_bh_intance" "multiplexor_bh" 3 375, 3 62 0, S_0000000000aae690;
 .timescale -9 -12;
    .port_info 0 /INPUT 64 "i0";
    .port_info 1 /INPUT 64 "i1";
    .port_info 2 /INPUT 1 "select";
    .port_info 3 /OUTPUT 64 "y";
v0000000000b0acb0_0 .net "i0", 63 0, L_0000000000b0a170;  alias, 1 drivers
v0000000000b098b0_0 .net "i1", 63 0, v0000000000b071f0_0;  alias, 1 drivers
v0000000000b09310_0 .net "select", 0 0, v0000000000b06ed0_0;  alias, 1 drivers
v0000000000b09090_0 .var "y", 63 0;
E_0000000000aa5b80 .event edge, v0000000000b071f0_0, v0000000000b06bb0_0;
S_0000000000a86790 .scope module, "pc_instance" "Programcounter" 3 358, 3 20 0, S_0000000000aae690;
 .timescale -9 -9;
    .port_info 0 /INPUT 1 "clk";
    .port_info 1 /INPUT 1 "reset";
    .port_info 2 /OUTPUT 64 "cont";
    .port_info 3 /INPUT 64 "add";
v0000000000b0ad50_0 .net "add", 63 0, v0000000000b096d0_0;  alias, 1 drivers
v0000000000b093b0_0 .net "clk", 0 0, v0000000000b0a030_0;  alias, 1 drivers
v0000000000b094f0_0 .var "cont", 63 0;
v0000000000b09130_0 .net "reset", 0 0, v0000000000b0a0d0_0;  alias, 1 drivers
    .scope S_0000000000a7ffc0;
T_0 ;
    %vpi_call 3 12 "$readmemb", "Instruction.txt", v0000000000b064d0 {0 0 0};
    %end;
    .thread T_0;
    .scope S_0000000000a7ffc0;
T_1 ;
    %wait E_0000000000aa43c0;
    %load/vec4 v0000000000b0a7b0_0;
    %pad/u 8;
    %store/vec4 v0000000000b091d0_0, 0, 8;
    %ix/getv 4, v0000000000b091d0_0;
    %load/vec4a v0000000000b064d0, 4;
    %store/vec4 v0000000000b0adf0_0, 0, 32;
    %jmp T_1;
    .thread T_1;
    .scope S_0000000000a86790;
T_2 ;
    %wait E_0000000000aa43c0;
    %load/vec4 v0000000000b09130_0;
    %flag_set/vec4 8;
    %jmp/0xz  T_2.0, 8;
    %pushi/vec4 0, 0, 64;
    %assign/vec4 v0000000000b094f0_0, 0;
    %jmp T_2.1;
T_2.0 ;
    %load/vec4 v0000000000b0ad50_0;
    %cmpi/ne 0, 0, 64;
    %jmp/0xz  T_2.2, 4;
    %load/vec4 v0000000000b094f0_0;
    %load/vec4 v0000000000b0ad50_0;
    %add;
    %assign/vec4 v0000000000b094f0_0, 0;
    %jmp T_2.3;
T_2.2 ;
    %load/vec4 v0000000000b094f0_0;
    %addi 1, 0, 64;
    %assign/vec4 v0000000000b094f0_0, 0;
T_2.3 ;
T_2.1 ;
    %jmp T_2;
    .thread T_2;
    .scope S_0000000000a968c0;
T_3 ;
    %wait E_0000000000aa43c0;
    %load/vec4 v0000000000b06110_0;
    %flag_set/vec4 8;
    %jmp/0xz  T_3.0, 8;
    %load/vec4 v0000000000b070b0_0;
    %load/vec4 v0000000000b07ab0_0;
    %pad/u 8;
    %ix/vec4 3;
    %ix/load 4, 0, 0; Constant delay
    %assign/vec4/a/d v0000000000b07330, 0, 4;
T_3.0 ;
    %jmp T_3;
    .thread T_3;
    .scope S_0000000000a8c810;
T_4 ;
    %wait E_0000000000aa5b80;
    %load/vec4 v0000000000b09310_0;
    %dup/vec4;
    %pushi/vec4 0, 0, 1;
    %cmp/u;
    %jmp/1 T_4.0, 6;
    %dup/vec4;
    %pushi/vec4 1, 0, 1;
    %cmp/u;
    %jmp/1 T_4.1, 6;
    %jmp T_4.2;
T_4.0 ;
    %load/vec4 v0000000000b0acb0_0;
    %store/vec4 v0000000000b09090_0, 0, 64;
    %jmp T_4.2;
T_4.1 ;
    %load/vec4 v0000000000b098b0_0;
    %store/vec4 v0000000000b09090_0, 0, 64;
    %jmp T_4.2;
T_4.2 ;
    %pop/vec4 1;
    %jmp T_4;
    .thread T_4, $push;
    .scope S_0000000000a6b4c0;
T_5 ;
    %wait E_0000000000aa4880;
    %load/vec4 v0000000000b06750_0;
    %dup/vec4;
    %pushi/vec4 2, 0, 4;
    %cmp/u;
    %jmp/1 T_5.0, 6;
    %dup/vec4;
    %pushi/vec4 6, 0, 4;
    %cmp/u;
    %jmp/1 T_5.1, 6;
    %dup/vec4;
    %pushi/vec4 0, 0, 4;
    %cmp/u;
    %jmp/1 T_5.2, 6;
    %dup/vec4;
    %pushi/vec4 1, 0, 4;
    %cmp/u;
    %jmp/1 T_5.3, 6;
    %pushi/vec4 0, 0, 64;
    %assign/vec4 v0000000000b07d30_0, 0;
    %jmp T_5.5;
T_5.0 ;
    %load/vec4 v0000000000b07bf0_0;
    %load/vec4 v0000000000b07f10_0;
    %add;
    %store/vec4 v0000000000b07d30_0, 0, 64;
    %jmp T_5.5;
T_5.1 ;
    %load/vec4 v0000000000b07bf0_0;
    %load/vec4 v0000000000b07f10_0;
    %sub;
    %store/vec4 v0000000000b07d30_0, 0, 64;
    %jmp T_5.5;
T_5.2 ;
    %load/vec4 v0000000000b07bf0_0;
    %load/vec4 v0000000000b07f10_0;
    %and;
    %store/vec4 v0000000000b07d30_0, 0, 64;
    %jmp T_5.5;
T_5.3 ;
    %load/vec4 v0000000000b07bf0_0;
    %load/vec4 v0000000000b07f10_0;
    %or;
    %store/vec4 v0000000000b07d30_0, 0, 64;
    %jmp T_5.5;
T_5.5 ;
    %pop/vec4 1;
    %jmp T_5;
    .thread T_5, $push;
    .scope S_0000000000a7fca0;
T_6 ;
    %wait E_0000000000aa5280;
    %load/vec4 v0000000000b06f70_0;
    %dup/vec4;
    %pushi/vec4 51, 0, 7;
    %cmp/u;
    %jmp/1 T_6.0, 6;
    %dup/vec4;
    %pushi/vec4 51, 0, 7;
    %cmp/u;
    %jmp/1 T_6.1, 6;
    %dup/vec4;
    %pushi/vec4 51, 0, 7;
    %cmp/u;
    %jmp/1 T_6.2, 6;
    %dup/vec4;
    %pushi/vec4 51, 0, 7;
    %cmp/u;
    %jmp/1 T_6.3, 6;
    %dup/vec4;
    %pushi/vec4 3, 0, 7;
    %cmp/u;
    %jmp/1 T_6.4, 6;
    %dup/vec4;
    %pushi/vec4 35, 0, 7;
    %cmp/u;
    %jmp/1 T_6.5, 6;
    %dup/vec4;
    %pushi/vec4 99, 0, 7;
    %cmp/u;
    %jmp/1 T_6.6, 6;
    %jmp T_6.7;
T_6.0 ;
    %pushi/vec4 2, 0, 2;
    %store/vec4 v0000000000b067f0_0, 0, 2;
    %pushi/vec4 0, 0, 1;
    %store/vec4 v0000000000b069d0_0, 0, 1;
    %pushi/vec4 0, 0, 1;
    %store/vec4 v0000000000b06a70_0, 0, 1;
    %pushi/vec4 0, 0, 1;
    %store/vec4 v0000000000b07dd0_0, 0, 1;
    %pushi/vec4 0, 0, 1;
    %store/vec4 v0000000000b07470_0, 0, 1;
    %pushi/vec4 0, 0, 1;
    %store/vec4 v0000000000b06ed0_0, 0, 1;
    %pushi/vec4 1, 0, 1;
    %store/vec4 v0000000000b062f0_0, 0, 1;
    %jmp T_6.7;
T_6.1 ;
    %pushi/vec4 2, 0, 2;
    %store/vec4 v0000000000b067f0_0, 0, 2;
    %pushi/vec4 0, 0, 1;
    %store/vec4 v0000000000b069d0_0, 0, 1;
    %pushi/vec4 0, 0, 1;
    %store/vec4 v0000000000b06a70_0, 0, 1;
    %pushi/vec4 0, 0, 1;
    %store/vec4 v0000000000b07dd0_0, 0, 1;
    %pushi/vec4 0, 0, 1;
    %store/vec4 v0000000000b07470_0, 0, 1;
    %pushi/vec4 0, 0, 1;
    %store/vec4 v0000000000b06ed0_0, 0, 1;
    %pushi/vec4 1, 0, 1;
    %store/vec4 v0000000000b062f0_0, 0, 1;
    %jmp T_6.7;
T_6.2 ;
    %pushi/vec4 2, 0, 2;
    %store/vec4 v0000000000b067f0_0, 0, 2;
    %pushi/vec4 0, 0, 1;
    %store/vec4 v0000000000b069d0_0, 0, 1;
    %pushi/vec4 0, 0, 1;
    %store/vec4 v0000000000b06a70_0, 0, 1;
    %pushi/vec4 0, 0, 1;
    %store/vec4 v0000000000b07dd0_0, 0, 1;
    %pushi/vec4 0, 0, 1;
    %store/vec4 v0000000000b07470_0, 0, 1;
    %pushi/vec4 0, 0, 1;
    %store/vec4 v0000000000b06ed0_0, 0, 1;
    %pushi/vec4 1, 0, 1;
    %store/vec4 v0000000000b062f0_0, 0, 1;
    %jmp T_6.7;
T_6.3 ;
    %pushi/vec4 2, 0, 2;
    %store/vec4 v0000000000b067f0_0, 0, 2;
    %pushi/vec4 0, 0, 1;
    %store/vec4 v0000000000b069d0_0, 0, 1;
    %pushi/vec4 0, 0, 1;
    %store/vec4 v0000000000b06a70_0, 0, 1;
    %pushi/vec4 0, 0, 1;
    %store/vec4 v0000000000b07dd0_0, 0, 1;
    %pushi/vec4 0, 0, 1;
    %store/vec4 v0000000000b07470_0, 0, 1;
    %pushi/vec4 0, 0, 1;
    %store/vec4 v0000000000b06ed0_0, 0, 1;
    %pushi/vec4 1, 0, 1;
    %store/vec4 v0000000000b062f0_0, 0, 1;
    %jmp T_6.7;
T_6.4 ;
    %pushi/vec4 0, 0, 2;
    %store/vec4 v0000000000b067f0_0, 0, 2;
    %pushi/vec4 0, 0, 1;
    %store/vec4 v0000000000b069d0_0, 0, 1;
    %pushi/vec4 1, 0, 1;
    %store/vec4 v0000000000b06a70_0, 0, 1;
    %pushi/vec4 1, 0, 1;
    %store/vec4 v0000000000b07dd0_0, 0, 1;
    %pushi/vec4 0, 0, 1;
    %store/vec4 v0000000000b07470_0, 0, 1;
    %pushi/vec4 1, 0, 1;
    %store/vec4 v0000000000b06ed0_0, 0, 1;
    %pushi/vec4 1, 0, 1;
    %store/vec4 v0000000000b062f0_0, 0, 1;
    %jmp T_6.7;
T_6.5 ;
    %pushi/vec4 0, 0, 2;
    %store/vec4 v0000000000b067f0_0, 0, 2;
    %pushi/vec4 0, 0, 1;
    %store/vec4 v0000000000b069d0_0, 0, 1;
    %pushi/vec4 0, 0, 1;
    %store/vec4 v0000000000b06a70_0, 0, 1;
    %pushi/vec4 1, 0, 1;
    %store/vec4 v0000000000b07470_0, 0, 1;
    %pushi/vec4 1, 0, 1;
    %store/vec4 v0000000000b06ed0_0, 0, 1;
    %pushi/vec4 0, 0, 1;
    %store/vec4 v0000000000b062f0_0, 0, 1;
    %pushi/vec4 1, 1, 1;
    %store/vec4 v0000000000b07dd0_0, 0, 1;
    %jmp T_6.7;
T_6.6 ;
    %pushi/vec4 1, 0, 2;
    %store/vec4 v0000000000b067f0_0, 0, 2;
    %pushi/vec4 1, 0, 1;
    %store/vec4 v0000000000b069d0_0, 0, 1;
    %pushi/vec4 0, 0, 1;
    %store/vec4 v0000000000b06a70_0, 0, 1;
    %pushi/vec4 0, 0, 1;
    %store/vec4 v0000000000b07470_0, 0, 1;
    %pushi/vec4 0, 0, 1;
    %store/vec4 v0000000000b06ed0_0, 0, 1;
    %pushi/vec4 0, 0, 1;
    %store/vec4 v0000000000b062f0_0, 0, 1;
    %pushi/vec4 1, 1, 1;
    %store/vec4 v0000000000b07dd0_0, 0, 1;
    %jmp T_6.7;
T_6.7 ;
    %pop/vec4 1;
    %jmp T_6;
    .thread T_6, $push;
    .scope S_0000000000aae820;
T_7 ;
    %wait E_0000000000aa4b80;
    %load/vec4 v0000000000a9f710_0;
    %dup/vec4;
    %pushi/vec4 32, 0, 6;
    %cmp/x;
    %jmp/1 T_7.0, 4;
    %dup/vec4;
    %pushi/vec4 33, 0, 6;
    %cmp/x;
    %jmp/1 T_7.1, 4;
    %dup/vec4;
    %pushi/vec4 46, 0, 6;
    %cmp/x;
    %jmp/1 T_7.2, 4;
    %dup/vec4;
    %pushi/vec4 44, 0, 6;
    %cmp/x;
    %jmp/1 T_7.3, 4;
    %dup/vec4;
    %pushi/vec4 7, 1, 6;
    %cmp/x;
    %jmp/1 T_7.4, 4;
    %dup/vec4;
    %pushi/vec4 39, 1, 6;
    %cmp/x;
    %jmp/1 T_7.5, 4;
    %dup/vec4;
    %pushi/vec4 17, 1, 6;
    %cmp/x;
    %jmp/1 T_7.6, 4;
    %pushi/vec4 0, 0, 4;
    %store/vec4 v0000000000a9f7b0_0, 0, 4;
    %jmp T_7.8;
T_7.0 ;
    %pushi/vec4 2, 0, 4;
    %store/vec4 v0000000000a9f7b0_0, 0, 4;
    %jmp T_7.8;
T_7.1 ;
    %pushi/vec4 6, 0, 4;
    %store/vec4 v0000000000a9f7b0_0, 0, 4;
    %jmp T_7.8;
T_7.2 ;
    %pushi/vec4 0, 0, 4;
    %store/vec4 v0000000000a9f7b0_0, 0, 4;
    %jmp T_7.8;
T_7.3 ;
    %pushi/vec4 1, 0, 4;
    %store/vec4 v0000000000a9f7b0_0, 0, 4;
    %jmp T_7.8;
T_7.4 ;
    %pushi/vec4 2, 0, 4;
    %store/vec4 v0000000000a9f7b0_0, 0, 4;
    %jmp T_7.8;
T_7.5 ;
    %pushi/vec4 2, 0, 4;
    %store/vec4 v0000000000a9f7b0_0, 0, 4;
    %jmp T_7.8;
T_7.6 ;
    %pushi/vec4 6, 0, 4;
    %store/vec4 v0000000000a9f7b0_0, 0, 4;
    %jmp T_7.8;
T_7.8 ;
    %pop/vec4 1;
    %jmp T_7;
    .thread T_7, $push;
    .scope S_0000000000a8c680;
T_8 ;
    %wait E_0000000000aa5100;
    %load/vec4 v0000000000b09590_0;
    %dup/vec4;
    %pushi/vec4 0, 0, 1;
    %cmp/u;
    %jmp/1 T_8.0, 6;
    %dup/vec4;
    %pushi/vec4 1, 0, 1;
    %cmp/u;
    %jmp/1 T_8.1, 6;
    %jmp T_8.2;
T_8.0 ;
    %load/vec4 v0000000000b0ab70_0;
    %store/vec4 v0000000000b096d0_0, 0, 64;
    %jmp T_8.2;
T_8.1 ;
    %load/vec4 v0000000000b0a350_0;
    %store/vec4 v0000000000b096d0_0, 0, 64;
    %jmp T_8.2;
T_8.2 ;
    %pop/vec4 1;
    %jmp T_8;
    .thread T_8, $push;
    .scope S_0000000000a96a50;
T_9 ;
    %wait E_0000000000aa4600;
    %load/vec4 v0000000000b061b0_0;
    %addi 4, 0, 64;
    %store/vec4 v0000000000b061b0_0, 0, 64;
    %jmp T_9;
    .thread T_9;
    .scope S_0000000000a6b330;
T_10 ;
    %wait E_0000000000aa43c0;
    %load/vec4 v0000000000b07e70_0;
    %pushi/vec4 1, 0, 64;
    %load/vec4 v0000000000b066b0_0;
    %add;
    %ix/vec4 4;
    %shiftl 4;
    %store/vec4 v0000000000b06cf0_0, 0, 64;
    %jmp T_10;
    .thread T_10;
    .scope S_0000000000a96730;
T_11 ;
    %pushi/vec4 1, 0, 1;
    %store/vec4 v0000000000b06b10_0, 0, 1;
    %pushi/vec4 0, 0, 1;
    %store/vec4 v0000000000a9ef90_0, 0, 1;
    %end;
    .thread T_11;
    .scope S_0000000000a96730;
T_12 ;
    %wait E_0000000000aa43c0;
    %load/vec4 v0000000000b06930_0;
    %pad/u 32;
    %cmpi/e 1, 0, 32;
    %jmp/0xz  T_12.0, 4;
    %load/vec4 v0000000000b06b10_0;
    %load/vec4 v0000000000b06890_0;
    %concat/vec4; draw_concat_vec4
    %pad/u 64;
    %store/vec4 v0000000000b071f0_0, 0, 64;
    %jmp T_12.1;
T_12.0 ;
    %load/vec4 v0000000000a9ef90_0;
    %load/vec4 v0000000000b06930_0;
    %concat/vec4; draw_concat_vec4
    %pad/u 64;
    %store/vec4 v0000000000b071f0_0, 0, 64;
T_12.1 ;
    %jmp T_12;
    .thread T_12;
    .scope S_0000000000a7fe30;
T_13 ;
    %pushi/vec4 0, 0, 64;
    %assign/vec4 v0000000000b07970_0, 0;
    %pushi/vec4 0, 0, 64;
    %store/vec4 v0000000000b06430_0, 0, 64;
T_13.0 ;
    %load/vec4 v0000000000b06430_0;
    %cmpi/u 1023, 0, 64;
    %jmp/0xz T_13.1, 5;
    %load/vec4 v0000000000b06430_0;
    %ix/getv 4, v0000000000b06430_0;
    %store/vec4a v0000000000b07790, 4, 0;
    %load/vec4 v0000000000b06430_0;
    %addi 1, 0, 64;
    %store/vec4 v0000000000b06430_0, 0, 64;
    %jmp T_13.0;
T_13.1 ;
    %end;
    .thread T_13;
    .scope S_0000000000a7fe30;
T_14 ;
    %wait E_0000000000aa43c0;
    %load/vec4 v0000000000b078d0_0;
    %cmpi/e 1, 0, 1;
    %jmp/0xz  T_14.0, 4;
    %load/vec4 v0000000000b06070_0;
    %ix/getv 3, v0000000000b075b0_0;
    %ix/load 4, 0, 0; Constant delay
    %assign/vec4/a/d v0000000000b07790, 0, 4;
T_14.0 ;
    %load/vec4 v0000000000b07830_0;
    %cmpi/e 1, 0, 1;
    %jmp/0xz  T_14.2, 4;
    %ix/getv 4, v0000000000b075b0_0;
    %load/vec4a v0000000000b07790, 4;
    %assign/vec4 v0000000000b07970_0, 0;
T_14.2 ;
    %jmp T_14;
    .thread T_14;
    .scope S_0000000000a8c4f0;
T_15 ;
    %wait E_0000000000aa5f00;
    %load/vec4 v0000000000b0aad0_0;
    %dup/vec4;
    %pushi/vec4 0, 0, 1;
    %cmp/u;
    %jmp/1 T_15.0, 6;
    %dup/vec4;
    %pushi/vec4 1, 0, 1;
    %cmp/u;
    %jmp/1 T_15.1, 6;
    %jmp T_15.2;
T_15.0 ;
    %load/vec4 v0000000000b0ae90_0;
    %store/vec4 v0000000000b0aa30_0, 0, 64;
    %jmp T_15.2;
T_15.1 ;
    %load/vec4 v0000000000b0af30_0;
    %store/vec4 v0000000000b0aa30_0, 0, 64;
    %jmp T_15.2;
T_15.2 ;
    %pop/vec4 1;
    %jmp T_15;
    .thread T_15, $push;
    .scope S_0000000000aafe40;
T_16 ;
    %pushi/vec4 0, 0, 1;
    %store/vec4 v0000000000b0a030_0, 0, 1;
    %end;
    .thread T_16;
    .scope S_0000000000aafe40;
T_17 ;
    %vpi_call 2 12 "$dumpfile", "simple_proccessor32bits_tb.vcd" {0 0 0};
    %vpi_call 2 13 "$dumpvars" {0 0 0};
    %pushi/vec4 0, 0, 1;
    %store/vec4 v0000000000b0a0d0_0, 0, 1;
    %delay 70000, 0;
    %pushi/vec4 1, 0, 1;
    %store/vec4 v0000000000b0a0d0_0, 0, 1;
    %delay 70000, 0;
    %pushi/vec4 0, 0, 1;
    %store/vec4 v0000000000b0a0d0_0, 0, 1;
    %delay 70000, 0;
    %pushi/vec4 1, 0, 1;
    %store/vec4 v0000000000b0a0d0_0, 0, 1;
    %delay 70000, 0;
    %pushi/vec4 0, 0, 1;
    %store/vec4 v0000000000b0a0d0_0, 0, 1;
    %delay 70000, 0;
    %pushi/vec4 1, 0, 1;
    %store/vec4 v0000000000b0a0d0_0, 0, 1;
    %delay 70000, 0;
    %pushi/vec4 0, 0, 1;
    %store/vec4 v0000000000b0a0d0_0, 0, 1;
    %delay 70000, 0;
    %pushi/vec4 1, 0, 1;
    %store/vec4 v0000000000b0a0d0_0, 0, 1;
    %vpi_call 2 30 "$finish", 32'sb00000000000000000000000111110100 {0 0 0};
    %end;
    .thread T_17;
    .scope S_0000000000aafe40;
T_18 ;
    %delay 10000, 0;
    %load/vec4 v0000000000b0a030_0;
    %inv;
    %store/vec4 v0000000000b0a030_0, 0, 1;
    %jmp T_18;
    .thread T_18;
# The file index is used to find the file name in the following table.
:file_names 4;
    "N/A";
    "<interactive>";
    "simple_proccessor32bits_tb.v";
    "./simple_processor32bits.v";
