#! /c/iverilog/bin/vvp
:ivl_version "12.0 (devel)" "(s20150603-965-g55e06db6)";
:ivl_delay_selection "TYPICAL";
:vpi_time_precision - 12;
:vpi_module "C:\iverilog\lib\ivl\system.vpi";
:vpi_module "C:\iverilog\lib\ivl\vhdl_sys.vpi";
:vpi_module "C:\iverilog\lib\ivl\vhdl_textio.vpi";
:vpi_module "C:\iverilog\lib\ivl\v2005_math.vpi";
:vpi_module "C:\iverilog\lib\ivl\va_math.vpi";
S_000000000099da40 .scope module, "simple_processor" "simple_processor" 2 323;
 .timescale -9 -12;
    .port_info 0 /INPUT 1 "clk";
    .port_info 1 /INPUT 1 "reset";
o00000000009bc148 .functor BUFZ 1, C4<z>; HiZ drive
v0000000000a12790_0 .net "clk", 0 0, o00000000009bc148;  0 drivers
v0000000000a12970_0 .net "conexion1", 63 0, v0000000000a128d0_0;  1 drivers
v0000000000a11f70_0 .net "conexion10", 0 0, v00000000009b16c0_0;  1 drivers
v0000000000a12a10_0 .net "conexion11", 0 0, L_0000000000a148e0;  1 drivers
v0000000000a11bb0_0 .net "conexion12", 63 0, v00000000009b0b80_0;  1 drivers
v0000000000a12b50_0 .net "conexion13", 0 0, L_00000000009a7c40;  1 drivers
v0000000000a12d30_0 .net "conexion14", 63 0, v00000000009b0ea0_0;  1 drivers
v0000000000a12e70_0 .net "conexion15", 63 0, v00000000009b1f80_0;  1 drivers
v0000000000a12f10_0 .net "conexion16", 63 0, v00000000009b0a40_0;  1 drivers
v0000000000a11c50_0 .net "conexion17", 0 0, v0000000000a114d0_0;  1 drivers
v0000000000a11cf0_0 .net "conexion18", 0 0, v00000000009b1760_0;  1 drivers
v0000000000a11390_0 .net "conexion19", 0 0, v0000000000a11d90_0;  1 drivers
v0000000000a11430_0 .net "conexion2", 31 0, v0000000000a111b0_0;  1 drivers
v0000000000a11ed0_0 .net "conexion20", 63 0, v0000000000a12010_0;  1 drivers
v0000000000a12330_0 .net "conexion21", 63 0, v0000000000a112f0_0;  1 drivers
v0000000000a123d0_0 .net "conexion22", 63 0, v0000000000a126f0_0;  1 drivers
v0000000000a12470_0 .net "conexion3", 63 0, L_0000000000a14520;  1 drivers
v0000000000a13d00_0 .net "conexion4", 63 0, L_0000000000a14480;  1 drivers
v0000000000a14340_0 .net "conexion5", 63 0, v0000000000a12830_0;  1 drivers
v0000000000a133a0_0 .net "conexion6", 0 0, v0000000000a11750_0;  1 drivers
v0000000000a14ac0_0 .net "conexion7", 1 0, v00000000009b0fe0_0;  1 drivers
v0000000000a13440_0 .net "conexion8", 3 0, v00000000009b1a80_0;  1 drivers
v0000000000a14980_0 .net "conexion9", 0 0, v00000000009b19e0_0;  1 drivers
o00000000009bd168 .functor BUFZ 1, C4<z>; HiZ drive
v0000000000a13120_0 .net "reset", 0 0, o00000000009bd168;  0 drivers
L_0000000000a134e0 .part v0000000000a111b0_0, 15, 5;
L_0000000000a13f80 .part v0000000000a111b0_0, 20, 5;
L_0000000000a13800 .part v0000000000a111b0_0, 7, 5;
L_0000000000a14200 .part v0000000000a111b0_0, 0, 7;
L_0000000000a14160 .part v0000000000a111b0_0, 12, 3;
L_0000000000a142a0 .part v0000000000a111b0_0, 30, 1;
S_000000000099dbd0 .scope module, "ALUcontrol_instance" "ALUcontrol" 2 399, 2 183 0, S_000000000099da40;
 .timescale -9 -12;
    .port_info 0 /INPUT 2 "ALUop";
    .port_info 1 /INPUT 3 "FuncCode";
    .port_info 2 /INPUT 1 "FuncCodeSeven";
    .port_info 3 /OUTPUT 4 "ALU_Cnt";
v00000000009b20c0_0 .net "ALUControlIn", 5 0, L_0000000000a14a20;  1 drivers
v00000000009b1a80_0 .var "ALU_Cnt", 3 0;
v00000000009b2020_0 .net "ALUop", 1 0, v00000000009b0fe0_0;  alias, 1 drivers
v00000000009b0d60_0 .net "FuncCode", 2 0, L_0000000000a14160;  1 drivers
v00000000009b1800_0 .net "FuncCodeSeven", 0 0, L_0000000000a142a0;  1 drivers
E_00000000009b6900 .event edge, v00000000009b20c0_0;
L_0000000000a14a20 .concat [ 1 3 2 0], L_0000000000a142a0, L_0000000000a14160, v00000000009b0fe0_0;
S_000000000099dd60 .scope module, "Imm_Gen_instance" "Imm_Gen" 2 431, 2 253 0, S_000000000099da40;
 .timescale -9 -12;
    .port_info 0 /INPUT 32 "instruction_imm";
    .port_info 1 /INPUT 1 "clk";
    .port_info 2 /OUTPUT 64 "wireConection";
v00000000009b0ae0_0 .var "Cero", 0 0;
v00000000009b1e40_0 .net "Data_1", 11 0, L_0000000000a13580;  1 drivers
v00000000009b1620_0 .net "Data_2", 0 0, L_0000000000a14020;  1 drivers
v00000000009b2480_0 .var "One", 0 0;
v00000000009b2160_0 .net "clk", 0 0, o00000000009bc148;  alias, 0 drivers
v00000000009b13a0_0 .net "instruction_imm", 31 0, v0000000000a111b0_0;  alias, 1 drivers
v00000000009b0ea0_0 .var "wireConection", 63 0;
E_00000000009b5d00 .event posedge, v00000000009b2160_0;
L_0000000000a13580 .part v0000000000a111b0_0, 20, 12;
L_0000000000a14020 .part v0000000000a111b0_0, 31, 1;
S_000000000098fca0 .scope module, "RegisterMemory_instance" "RegisterMemory" 2 365, 2 41 0, S_000000000099da40;
 .timescale -9 -12;
    .port_info 0 /INPUT 5 "rs1";
    .port_info 1 /INPUT 5 "rs2";
    .port_info 2 /INPUT 5 "rd";
    .port_info 3 /INPUT 64 "WriteData";
    .port_info 4 /INPUT 1 "RegWrite";
    .port_info 5 /OUTPUT 64 "Data1";
    .port_info 6 /OUTPUT 64 "Data2";
    .port_info 7 /INPUT 1 "clk";
v00000000009b22a0_0 .net "Data1", 63 0, L_0000000000a14480;  alias, 1 drivers
v00000000009b2520_0 .net "Data2", 63 0, L_0000000000a14520;  alias, 1 drivers
v00000000009b1b20 .array "RF", 0 63, 63 0;
v00000000009b2340_0 .net "RegWrite", 0 0, v0000000000a11750_0;  alias, 1 drivers
v00000000009b23e0_0 .net "WriteData", 63 0, v0000000000a112f0_0;  alias, 1 drivers
L_0000000000a90088 .functor BUFT 1, C4<00000000000000000000000000000000000000000000000000000000000>, C4<0>, C4<0>, C4<0>;
v00000000009b25c0_0 .net/2u *"_ivl_0", 58 0, L_0000000000a90088;  1 drivers
L_0000000000a900d0 .functor BUFT 1, C4<00000000000000000000000000000000000000000000000000000000000>, C4<0>, C4<0>, C4<0>;
v00000000009b0860_0 .net/2u *"_ivl_4", 58 0, L_0000000000a900d0;  1 drivers
v00000000009b1c60_0 .net "clk", 0 0, o00000000009bc148;  alias, 0 drivers
v00000000009b1d00_0 .net "rd", 4 0, L_0000000000a13800;  1 drivers
v00000000009b1da0_0 .net "rs1", 4 0, L_0000000000a134e0;  1 drivers
v00000000009b2700_0 .net "rs2", 4 0, L_0000000000a13f80;  1 drivers
L_0000000000a14480 .concat [ 5 59 0 0], L_0000000000a134e0, L_0000000000a90088;
L_0000000000a14520 .concat [ 5 59 0 0], L_0000000000a13f80, L_0000000000a900d0;
S_000000000098fe30 .scope module, "addFour_instance" "addFour" 2 418, 2 230 0, S_000000000099da40;
 .timescale -9 -12;
    .port_info 0 /INPUT 64 "cont";
    .port_info 1 /OUTPUT 64 "salidaAddFour";
o00000000009bc598 .functor BUFZ 1, C4<z>; HiZ drive
v00000000009b1ee0_0 .net "clk", 0 0, o00000000009bc598;  0 drivers
v00000000009b0900_0 .net "cont", 63 0, v0000000000a128d0_0;  alias, 1 drivers
v00000000009b0b80_0 .var "salidaAddFour", 63 0;
E_00000000009b6180 .event posedge, v00000000009b1ee0_0;
S_000000000098ffc0 .scope module, "addLeft_instance" "addLeft" 2 423, 2 240 0, S_000000000099da40;
 .timescale -9 -12;
    .port_info 0 /INPUT 1 "clk";
    .port_info 1 /INPUT 64 "contProgramData";
    .port_info 2 /INPUT 64 "shiftLef";
    .port_info 3 /OUTPUT 64 "salidaAddLeft";
P_00000000009b5dc0 .param/l "B" 0 2 246, +C4<00000000000000000000000000000001>;
v00000000009b14e0_0 .net "clk", 0 0, o00000000009bc148;  alias, 0 drivers
v00000000009b1440_0 .net "contProgramData", 63 0, v0000000000a128d0_0;  alias, 1 drivers
v00000000009b1f80_0 .var "salidaAddLeft", 63 0;
v00000000009b1580_0 .net "shiftLef", 63 0, v00000000009b0ea0_0;  alias, 1 drivers
S_000000000099c4f0 .scope module, "alu_instance" "ALU" 2 381, 2 77 0, S_000000000099da40;
 .timescale -9 -12;
    .port_info 0 /INPUT 64 "A";
    .port_info 1 /INPUT 64 "B";
    .port_info 2 /INPUT 4 "ALUcontrol";
    .port_info 3 /OUTPUT 64 "ALUresult";
    .port_info 4 /OUTPUT 1 "Zero";
v00000000009b09a0_0 .net "A", 63 0, L_0000000000a14480;  alias, 1 drivers
v00000000009b1940_0 .net "ALUcontrol", 3 0, v00000000009b1a80_0;  alias, 1 drivers
v00000000009b0a40_0 .var "ALUresult", 63 0;
v00000000009b0c20_0 .net "B", 63 0, v0000000000a12830_0;  alias, 1 drivers
v00000000009b11c0_0 .net "Zero", 0 0, L_0000000000a148e0;  alias, 1 drivers
L_0000000000a90118 .functor BUFT 1, C4<0000000000000000000000000000000000000000000000000000000000000000>, C4<0>, C4<0>, C4<0>;
v00000000009b0cc0_0 .net/2u *"_ivl_0", 63 0, L_0000000000a90118;  1 drivers
E_00000000009b6800 .event edge, v00000000009b0c20_0, v00000000009b22a0_0, v00000000009b1a80_0;
L_0000000000a148e0 .cmp/eq 64, v00000000009b0a40_0, L_0000000000a90118;
S_000000000099c680 .scope module, "andGate_instance" "andGate" 2 406, 2 206 0, S_000000000099da40;
 .timescale -9 -12;
    .port_info 0 /INPUT 1 "D";
    .port_info 1 /INPUT 1 "E";
    .port_info 2 /OUTPUT 1 "out";
L_00000000009a7c40 .functor AND 1, v00000000009b16c0_0, L_0000000000a148e0, C4<1>, C4<1>;
v00000000009b0e00_0 .net "D", 0 0, v00000000009b16c0_0;  alias, 1 drivers
v00000000009b1260_0 .net "E", 0 0, L_0000000000a148e0;  alias, 1 drivers
v00000000009b0f40_0 .net "out", 0 0, L_00000000009a7c40;  alias, 1 drivers
S_000000000099c810 .scope module, "control_unit_instance" "control_unit" 2 388, 2 96 0, S_000000000099da40;
 .timescale -9 -12;
    .port_info 0 /INPUT 7 "opcode";
    .port_info 1 /OUTPUT 2 "alu_op";
    .port_info 2 /OUTPUT 1 "branch";
    .port_info 3 /OUTPUT 1 "memRead";
    .port_info 4 /OUTPUT 1 "memToReg";
    .port_info 5 /OUTPUT 1 "memWrite";
    .port_info 6 /OUTPUT 1 "aluSrc";
    .port_info 7 /OUTPUT 1 "regWrite";
v00000000009b19e0_0 .var "aluSrc", 0 0;
v00000000009b0fe0_0 .var "alu_op", 1 0;
v00000000009b16c0_0 .var "branch", 0 0;
v00000000009b1760_0 .var "memRead", 0 0;
v0000000000a11d90_0 .var "memToReg", 0 0;
v0000000000a114d0_0 .var "memWrite", 0 0;
v0000000000a117f0_0 .net "opcode", 6 0, L_0000000000a14200;  1 drivers
v0000000000a11750_0 .var "regWrite", 0 0;
E_00000000009b6680 .event edge, v0000000000a117f0_0;
S_0000000000996790 .scope module, "data_memory_instance" "data_memory" 2 437, 2 273 0, S_000000000099da40;
 .timescale -9 -12;
    .port_info 0 /INPUT 64 "Adress";
    .port_info 1 /INPUT 64 "WriteData";
    .port_info 2 /INPUT 1 "MemWrite";
    .port_info 3 /INPUT 1 "MemRead";
    .port_info 4 /INPUT 1 "clk";
    .port_info 5 /OUTPUT 64 "ReadData";
v0000000000a120b0_0 .net "Adress", 63 0, v00000000009b0a40_0;  alias, 1 drivers
v0000000000a11930 .array "MEMO", 1024 0, 63 0;
v0000000000a12150_0 .net "MemRead", 0 0, v00000000009b1760_0;  alias, 1 drivers
v0000000000a12290_0 .net "MemWrite", 0 0, v0000000000a114d0_0;  alias, 1 drivers
v0000000000a12010_0 .var "ReadData", 63 0;
v0000000000a11250_0 .net "WriteData", 63 0, L_0000000000a14520;  alias, 1 drivers
v0000000000a11070_0 .net "clk", 0 0, o00000000009bc148;  alias, 0 drivers
v0000000000a11e30_0 .var "i", 63 0;
S_0000000000996920 .scope module, "im_instance" "InstructionMemory" 2 352, 2 4 0, S_000000000099da40;
 .timescale -9 -9;
    .port_info 0 /INPUT 1 "clk";
    .port_info 1 /INPUT 64 "address";
    .port_info 2 /OUTPUT 32 "instruction";
v0000000000a11570 .array "Imem", 0 0, 31 0;
v0000000000a125b0_0 .net "address", 63 0, v0000000000a128d0_0;  alias, 1 drivers
v0000000000a11110_0 .net "clk", 0 0, o00000000009bc148;  alias, 0 drivers
v0000000000a111b0_0 .var "instruction", 31 0;
v0000000000a12c90_0 .var "memAddr", 7 0;
S_0000000000996ab0 .scope module, "multiplexorDataMemory_instance" "multiplexorDataMemory" 2 446, 2 305 0, S_000000000099da40;
 .timescale -9 -12;
    .port_info 0 /INPUT 64 "i3";
    .port_info 1 /INPUT 64 "i4";
    .port_info 2 /INPUT 1 "selectMemory";
    .port_info 3 /OUTPUT 64 "outMulti";
v0000000000a119d0_0 .net "i3", 63 0, v00000000009b0a40_0;  alias, 1 drivers
v0000000000a11610_0 .net "i4", 63 0, v0000000000a12010_0;  alias, 1 drivers
v0000000000a112f0_0 .var "outMulti", 63 0;
v0000000000a12510_0 .net "selectMemory", 0 0, v0000000000a11d90_0;  alias, 1 drivers
E_00000000009b6040 .event edge, v0000000000a12010_0, v00000000009b0a40_0;
S_000000000097f840 .scope module, "multiplexorShiftLeft_instance" "multiplexorShiftLeft" 2 411, 2 215 0, S_000000000099da40;
 .timescale -9 -12;
    .port_info 0 /INPUT 64 "i0";
    .port_info 1 /INPUT 64 "i1";
    .port_info 2 /INPUT 1 "select";
    .port_info 3 /OUTPUT 64 "y";
v0000000000a12650_0 .net "i0", 63 0, v00000000009b0b80_0;  alias, 1 drivers
v0000000000a116b0_0 .net "i1", 63 0, v00000000009b1f80_0;  alias, 1 drivers
v0000000000a11890_0 .net "select", 0 0, L_00000000009a7c40;  alias, 1 drivers
v0000000000a126f0_0 .var "y", 63 0;
E_00000000009b6880 .event edge, v00000000009b1f80_0, v00000000009b0b80_0;
S_000000000097f9d0 .scope module, "multiplexor_bh_intance" "multiplexor_bh" 2 375, 2 62 0, S_000000000099da40;
 .timescale -9 -12;
    .port_info 0 /INPUT 64 "i0";
    .port_info 1 /INPUT 64 "i1";
    .port_info 2 /INPUT 1 "select";
    .port_info 3 /OUTPUT 64 "y";
v0000000000a12bf0_0 .net "i0", 63 0, L_0000000000a14520;  alias, 1 drivers
v0000000000a12ab0_0 .net "i1", 63 0, v00000000009b0ea0_0;  alias, 1 drivers
v0000000000a121f0_0 .net "select", 0 0, v00000000009b19e0_0;  alias, 1 drivers
v0000000000a12830_0 .var "y", 63 0;
E_00000000009b5d40 .event edge, v00000000009b0ea0_0, v00000000009b2520_0;
S_000000000097fb60 .scope module, "pc_instance" "Programcounter" 2 358, 2 20 0, S_000000000099da40;
 .timescale -9 -9;
    .port_info 0 /INPUT 1 "clk";
    .port_info 1 /INPUT 1 "reset";
    .port_info 2 /OUTPUT 64 "cont";
    .port_info 3 /INPUT 64 "add";
v0000000000a11b10_0 .net "add", 63 0, v0000000000a126f0_0;  alias, 1 drivers
v0000000000a11a70_0 .net "clk", 0 0, o00000000009bc148;  alias, 0 drivers
v0000000000a128d0_0 .var "cont", 63 0;
v0000000000a12dd0_0 .net "reset", 0 0, o00000000009bd168;  alias, 0 drivers
    .scope S_0000000000996920;
T_0 ;
    %vpi_call 2 12 "$readmemb", "Instruction.txt", v0000000000a11570 {0 0 0};
    %end;
    .thread T_0;
    .scope S_0000000000996920;
T_1 ;
    %wait E_00000000009b5d00;
    %load/vec4 v0000000000a125b0_0;
    %pad/u 8;
    %store/vec4 v0000000000a12c90_0, 0, 8;
    %ix/getv 4, v0000000000a12c90_0;
    %load/vec4a v0000000000a11570, 4;
    %store/vec4 v0000000000a111b0_0, 0, 32;
    %jmp T_1;
    .thread T_1;
    .scope S_000000000097fb60;
T_2 ;
    %wait E_00000000009b5d00;
    %load/vec4 v0000000000a12dd0_0;
    %flag_set/vec4 8;
    %jmp/0xz  T_2.0, 8;
    %pushi/vec4 0, 0, 64;
    %assign/vec4 v0000000000a128d0_0, 0;
    %jmp T_2.1;
T_2.0 ;
    %load/vec4 v0000000000a11b10_0;
    %cmpi/ne 0, 0, 64;
    %jmp/0xz  T_2.2, 4;
    %load/vec4 v0000000000a128d0_0;
    %load/vec4 v0000000000a11b10_0;
    %add;
    %assign/vec4 v0000000000a128d0_0, 0;
    %jmp T_2.3;
T_2.2 ;
    %load/vec4 v0000000000a128d0_0;
    %addi 1, 0, 64;
    %assign/vec4 v0000000000a128d0_0, 0;
T_2.3 ;
T_2.1 ;
    %jmp T_2;
    .thread T_2;
    .scope S_000000000098fca0;
T_3 ;
    %wait E_00000000009b5d00;
    %load/vec4 v00000000009b2340_0;
    %flag_set/vec4 8;
    %jmp/0xz  T_3.0, 8;
    %load/vec4 v00000000009b23e0_0;
    %load/vec4 v00000000009b1d00_0;
    %pad/u 8;
    %ix/vec4 3;
    %ix/load 4, 0, 0; Constant delay
    %assign/vec4/a/d v00000000009b1b20, 0, 4;
T_3.0 ;
    %jmp T_3;
    .thread T_3;
    .scope S_000000000097f9d0;
T_4 ;
    %wait E_00000000009b5d40;
    %load/vec4 v0000000000a121f0_0;
    %dup/vec4;
    %pushi/vec4 0, 0, 1;
    %cmp/u;
    %jmp/1 T_4.0, 6;
    %dup/vec4;
    %pushi/vec4 1, 0, 1;
    %cmp/u;
    %jmp/1 T_4.1, 6;
    %jmp T_4.2;
T_4.0 ;
    %load/vec4 v0000000000a12bf0_0;
    %store/vec4 v0000000000a12830_0, 0, 64;
    %jmp T_4.2;
T_4.1 ;
    %load/vec4 v0000000000a12ab0_0;
    %store/vec4 v0000000000a12830_0, 0, 64;
    %jmp T_4.2;
T_4.2 ;
    %pop/vec4 1;
    %jmp T_4;
    .thread T_4, $push;
    .scope S_000000000099c4f0;
T_5 ;
    %wait E_00000000009b6800;
    %load/vec4 v00000000009b1940_0;
    %dup/vec4;
    %pushi/vec4 2, 0, 4;
    %cmp/u;
    %jmp/1 T_5.0, 6;
    %dup/vec4;
    %pushi/vec4 6, 0, 4;
    %cmp/u;
    %jmp/1 T_5.1, 6;
    %dup/vec4;
    %pushi/vec4 0, 0, 4;
    %cmp/u;
    %jmp/1 T_5.2, 6;
    %dup/vec4;
    %pushi/vec4 1, 0, 4;
    %cmp/u;
    %jmp/1 T_5.3, 6;
    %pushi/vec4 0, 0, 64;
    %assign/vec4 v00000000009b0a40_0, 0;
    %jmp T_5.5;
T_5.0 ;
    %load/vec4 v00000000009b09a0_0;
    %load/vec4 v00000000009b0c20_0;
    %add;
    %store/vec4 v00000000009b0a40_0, 0, 64;
    %jmp T_5.5;
T_5.1 ;
    %load/vec4 v00000000009b09a0_0;
    %load/vec4 v00000000009b0c20_0;
    %sub;
    %store/vec4 v00000000009b0a40_0, 0, 64;
    %jmp T_5.5;
T_5.2 ;
    %load/vec4 v00000000009b09a0_0;
    %load/vec4 v00000000009b0c20_0;
    %and;
    %store/vec4 v00000000009b0a40_0, 0, 64;
    %jmp T_5.5;
T_5.3 ;
    %load/vec4 v00000000009b09a0_0;
    %load/vec4 v00000000009b0c20_0;
    %or;
    %store/vec4 v00000000009b0a40_0, 0, 64;
    %jmp T_5.5;
T_5.5 ;
    %pop/vec4 1;
    %jmp T_5;
    .thread T_5, $push;
    .scope S_000000000099c810;
T_6 ;
    %wait E_00000000009b6680;
    %load/vec4 v0000000000a117f0_0;
    %dup/vec4;
    %pushi/vec4 51, 0, 7;
    %cmp/u;
    %jmp/1 T_6.0, 6;
    %dup/vec4;
    %pushi/vec4 51, 0, 7;
    %cmp/u;
    %jmp/1 T_6.1, 6;
    %dup/vec4;
    %pushi/vec4 51, 0, 7;
    %cmp/u;
    %jmp/1 T_6.2, 6;
    %dup/vec4;
    %pushi/vec4 51, 0, 7;
    %cmp/u;
    %jmp/1 T_6.3, 6;
    %dup/vec4;
    %pushi/vec4 3, 0, 7;
    %cmp/u;
    %jmp/1 T_6.4, 6;
    %dup/vec4;
    %pushi/vec4 35, 0, 7;
    %cmp/u;
    %jmp/1 T_6.5, 6;
    %dup/vec4;
    %pushi/vec4 99, 0, 7;
    %cmp/u;
    %jmp/1 T_6.6, 6;
    %jmp T_6.7;
T_6.0 ;
    %pushi/vec4 2, 0, 2;
    %store/vec4 v00000000009b0fe0_0, 0, 2;
    %pushi/vec4 0, 0, 1;
    %store/vec4 v00000000009b16c0_0, 0, 1;
    %pushi/vec4 0, 0, 1;
    %store/vec4 v00000000009b1760_0, 0, 1;
    %pushi/vec4 0, 0, 1;
    %store/vec4 v0000000000a11d90_0, 0, 1;
    %pushi/vec4 0, 0, 1;
    %store/vec4 v0000000000a114d0_0, 0, 1;
    %pushi/vec4 0, 0, 1;
    %store/vec4 v00000000009b19e0_0, 0, 1;
    %pushi/vec4 1, 0, 1;
    %store/vec4 v0000000000a11750_0, 0, 1;
    %jmp T_6.7;
T_6.1 ;
    %pushi/vec4 1, 0, 2;
    %store/vec4 v00000000009b0fe0_0, 0, 2;
    %pushi/vec4 0, 0, 1;
    %store/vec4 v00000000009b16c0_0, 0, 1;
    %pushi/vec4 0, 0, 1;
    %store/vec4 v00000000009b1760_0, 0, 1;
    %pushi/vec4 0, 0, 1;
    %store/vec4 v0000000000a11d90_0, 0, 1;
    %pushi/vec4 0, 0, 1;
    %store/vec4 v0000000000a114d0_0, 0, 1;
    %pushi/vec4 0, 0, 1;
    %store/vec4 v00000000009b19e0_0, 0, 1;
    %pushi/vec4 1, 0, 1;
    %store/vec4 v0000000000a11750_0, 0, 1;
    %jmp T_6.7;
T_6.2 ;
    %pushi/vec4 2, 0, 2;
    %store/vec4 v00000000009b0fe0_0, 0, 2;
    %pushi/vec4 0, 0, 1;
    %store/vec4 v00000000009b16c0_0, 0, 1;
    %pushi/vec4 0, 0, 1;
    %store/vec4 v00000000009b1760_0, 0, 1;
    %pushi/vec4 0, 0, 1;
    %store/vec4 v0000000000a11d90_0, 0, 1;
    %pushi/vec4 0, 0, 1;
    %store/vec4 v0000000000a114d0_0, 0, 1;
    %pushi/vec4 0, 0, 1;
    %store/vec4 v00000000009b19e0_0, 0, 1;
    %pushi/vec4 1, 0, 1;
    %store/vec4 v0000000000a11750_0, 0, 1;
    %jmp T_6.7;
T_6.3 ;
    %pushi/vec4 2, 0, 2;
    %store/vec4 v00000000009b0fe0_0, 0, 2;
    %pushi/vec4 0, 0, 1;
    %store/vec4 v00000000009b16c0_0, 0, 1;
    %pushi/vec4 0, 0, 1;
    %store/vec4 v00000000009b1760_0, 0, 1;
    %pushi/vec4 0, 0, 1;
    %store/vec4 v0000000000a11d90_0, 0, 1;
    %pushi/vec4 0, 0, 1;
    %store/vec4 v0000000000a114d0_0, 0, 1;
    %pushi/vec4 0, 0, 1;
    %store/vec4 v00000000009b19e0_0, 0, 1;
    %pushi/vec4 1, 0, 1;
    %store/vec4 v0000000000a11750_0, 0, 1;
    %jmp T_6.7;
T_6.4 ;
    %pushi/vec4 0, 0, 2;
    %store/vec4 v00000000009b0fe0_0, 0, 2;
    %pushi/vec4 0, 0, 1;
    %store/vec4 v00000000009b16c0_0, 0, 1;
    %pushi/vec4 1, 0, 1;
    %store/vec4 v00000000009b1760_0, 0, 1;
    %pushi/vec4 1, 0, 1;
    %store/vec4 v0000000000a11d90_0, 0, 1;
    %pushi/vec4 0, 0, 1;
    %store/vec4 v0000000000a114d0_0, 0, 1;
    %pushi/vec4 1, 0, 1;
    %store/vec4 v00000000009b19e0_0, 0, 1;
    %pushi/vec4 1, 0, 1;
    %store/vec4 v0000000000a11750_0, 0, 1;
    %jmp T_6.7;
T_6.5 ;
    %pushi/vec4 0, 0, 2;
    %store/vec4 v00000000009b0fe0_0, 0, 2;
    %pushi/vec4 0, 0, 1;
    %store/vec4 v00000000009b16c0_0, 0, 1;
    %pushi/vec4 0, 0, 1;
    %store/vec4 v00000000009b1760_0, 0, 1;
    %pushi/vec4 1, 0, 1;
    %store/vec4 v0000000000a114d0_0, 0, 1;
    %pushi/vec4 1, 0, 1;
    %store/vec4 v00000000009b19e0_0, 0, 1;
    %pushi/vec4 0, 0, 1;
    %store/vec4 v0000000000a11750_0, 0, 1;
    %pushi/vec4 1, 1, 1;
    %store/vec4 v0000000000a11d90_0, 0, 1;
    %jmp T_6.7;
T_6.6 ;
    %pushi/vec4 1, 0, 2;
    %store/vec4 v00000000009b0fe0_0, 0, 2;
    %pushi/vec4 1, 0, 1;
    %store/vec4 v00000000009b16c0_0, 0, 1;
    %pushi/vec4 0, 0, 1;
    %store/vec4 v00000000009b1760_0, 0, 1;
    %pushi/vec4 0, 0, 1;
    %store/vec4 v0000000000a114d0_0, 0, 1;
    %pushi/vec4 0, 0, 1;
    %store/vec4 v00000000009b19e0_0, 0, 1;
    %pushi/vec4 0, 0, 1;
    %store/vec4 v0000000000a11750_0, 0, 1;
    %pushi/vec4 1, 1, 1;
    %store/vec4 v0000000000a11d90_0, 0, 1;
    %jmp T_6.7;
T_6.7 ;
    %pop/vec4 1;
    %jmp T_6;
    .thread T_6, $push;
    .scope S_000000000099dbd0;
T_7 ;
    %wait E_00000000009b6900;
    %load/vec4 v00000000009b20c0_0;
    %dup/vec4;
    %pushi/vec4 32, 0, 6;
    %cmp/x;
    %jmp/1 T_7.0, 4;
    %dup/vec4;
    %pushi/vec4 16, 0, 6;
    %cmp/x;
    %jmp/1 T_7.1, 4;
    %dup/vec4;
    %pushi/vec4 46, 0, 6;
    %cmp/x;
    %jmp/1 T_7.2, 4;
    %dup/vec4;
    %pushi/vec4 44, 0, 6;
    %cmp/x;
    %jmp/1 T_7.3, 4;
    %dup/vec4;
    %pushi/vec4 7, 1, 6;
    %cmp/x;
    %jmp/1 T_7.4, 4;
    %dup/vec4;
    %pushi/vec4 39, 1, 6;
    %cmp/x;
    %jmp/1 T_7.5, 4;
    %dup/vec4;
    %pushi/vec4 17, 1, 6;
    %cmp/x;
    %jmp/1 T_7.6, 4;
    %pushi/vec4 0, 0, 4;
    %store/vec4 v00000000009b1a80_0, 0, 4;
    %jmp T_7.8;
T_7.0 ;
    %pushi/vec4 2, 0, 4;
    %store/vec4 v00000000009b1a80_0, 0, 4;
    %jmp T_7.8;
T_7.1 ;
    %pushi/vec4 6, 0, 4;
    %store/vec4 v00000000009b1a80_0, 0, 4;
    %jmp T_7.8;
T_7.2 ;
    %pushi/vec4 0, 0, 4;
    %store/vec4 v00000000009b1a80_0, 0, 4;
    %jmp T_7.8;
T_7.3 ;
    %pushi/vec4 1, 0, 4;
    %store/vec4 v00000000009b1a80_0, 0, 4;
    %jmp T_7.8;
T_7.4 ;
    %pushi/vec4 2, 0, 4;
    %store/vec4 v00000000009b1a80_0, 0, 4;
    %jmp T_7.8;
T_7.5 ;
    %pushi/vec4 2, 0, 4;
    %store/vec4 v00000000009b1a80_0, 0, 4;
    %jmp T_7.8;
T_7.6 ;
    %pushi/vec4 6, 0, 4;
    %store/vec4 v00000000009b1a80_0, 0, 4;
    %jmp T_7.8;
T_7.8 ;
    %pop/vec4 1;
    %jmp T_7;
    .thread T_7, $push;
    .scope S_000000000097f840;
T_8 ;
    %wait E_00000000009b6880;
    %load/vec4 v0000000000a11890_0;
    %dup/vec4;
    %pushi/vec4 0, 0, 1;
    %cmp/u;
    %jmp/1 T_8.0, 6;
    %dup/vec4;
    %pushi/vec4 1, 0, 1;
    %cmp/u;
    %jmp/1 T_8.1, 6;
    %jmp T_8.2;
T_8.0 ;
    %load/vec4 v0000000000a12650_0;
    %store/vec4 v0000000000a126f0_0, 0, 64;
    %jmp T_8.2;
T_8.1 ;
    %load/vec4 v0000000000a116b0_0;
    %store/vec4 v0000000000a126f0_0, 0, 64;
    %jmp T_8.2;
T_8.2 ;
    %pop/vec4 1;
    %jmp T_8;
    .thread T_8, $push;
    .scope S_000000000098fe30;
T_9 ;
    %wait E_00000000009b6180;
    %load/vec4 v00000000009b0b80_0;
    %addi 4, 0, 64;
    %store/vec4 v00000000009b0b80_0, 0, 64;
    %jmp T_9;
    .thread T_9;
    .scope S_000000000098ffc0;
T_10 ;
    %wait E_00000000009b5d00;
    %load/vec4 v00000000009b1580_0;
    %pushi/vec4 1, 0, 64;
    %load/vec4 v00000000009b1440_0;
    %add;
    %ix/vec4 4;
    %shiftl 4;
    %store/vec4 v00000000009b1f80_0, 0, 64;
    %jmp T_10;
    .thread T_10;
    .scope S_000000000099dd60;
T_11 ;
    %pushi/vec4 1, 0, 1;
    %store/vec4 v00000000009b2480_0, 0, 1;
    %pushi/vec4 0, 0, 1;
    %store/vec4 v00000000009b0ae0_0, 0, 1;
    %end;
    .thread T_11;
    .scope S_000000000099dd60;
T_12 ;
    %wait E_00000000009b5d00;
    %load/vec4 v00000000009b1620_0;
    %pad/u 32;
    %cmpi/e 1, 0, 32;
    %jmp/0xz  T_12.0, 4;
    %load/vec4 v00000000009b2480_0;
    %load/vec4 v00000000009b1e40_0;
    %concat/vec4; draw_concat_vec4
    %pad/u 64;
    %store/vec4 v00000000009b0ea0_0, 0, 64;
    %jmp T_12.1;
T_12.0 ;
    %load/vec4 v00000000009b0ae0_0;
    %load/vec4 v00000000009b1620_0;
    %concat/vec4; draw_concat_vec4
    %pad/u 64;
    %store/vec4 v00000000009b0ea0_0, 0, 64;
T_12.1 ;
    %jmp T_12;
    .thread T_12;
    .scope S_0000000000996790;
T_13 ;
    %pushi/vec4 0, 0, 64;
    %assign/vec4 v0000000000a12010_0, 0;
    %pushi/vec4 0, 0, 64;
    %store/vec4 v0000000000a11e30_0, 0, 64;
T_13.0 ;
    %load/vec4 v0000000000a11e30_0;
    %cmpi/u 1023, 0, 64;
    %jmp/0xz T_13.1, 5;
    %load/vec4 v0000000000a11e30_0;
    %ix/getv 4, v0000000000a11e30_0;
    %store/vec4a v0000000000a11930, 4, 0;
    %load/vec4 v0000000000a11e30_0;
    %addi 1, 0, 64;
    %store/vec4 v0000000000a11e30_0, 0, 64;
    %jmp T_13.0;
T_13.1 ;
    %end;
    .thread T_13;
    .scope S_0000000000996790;
T_14 ;
    %wait E_00000000009b5d00;
    %load/vec4 v0000000000a12290_0;
    %cmpi/e 1, 0, 1;
    %jmp/0xz  T_14.0, 4;
    %load/vec4 v0000000000a11250_0;
    %ix/getv 3, v0000000000a120b0_0;
    %ix/load 4, 0, 0; Constant delay
    %assign/vec4/a/d v0000000000a11930, 0, 4;
T_14.0 ;
    %load/vec4 v0000000000a12150_0;
    %cmpi/e 1, 0, 1;
    %jmp/0xz  T_14.2, 4;
    %ix/getv 4, v0000000000a120b0_0;
    %load/vec4a v0000000000a11930, 4;
    %assign/vec4 v0000000000a12010_0, 0;
T_14.2 ;
    %jmp T_14;
    .thread T_14;
    .scope S_0000000000996ab0;
T_15 ;
    %wait E_00000000009b6040;
    %load/vec4 v0000000000a12510_0;
    %dup/vec4;
    %pushi/vec4 0, 0, 1;
    %cmp/u;
    %jmp/1 T_15.0, 6;
    %dup/vec4;
    %pushi/vec4 1, 0, 1;
    %cmp/u;
    %jmp/1 T_15.1, 6;
    %jmp T_15.2;
T_15.0 ;
    %load/vec4 v0000000000a119d0_0;
    %store/vec4 v0000000000a112f0_0, 0, 64;
    %jmp T_15.2;
T_15.1 ;
    %load/vec4 v0000000000a11610_0;
    %store/vec4 v0000000000a112f0_0, 0, 64;
    %jmp T_15.2;
T_15.2 ;
    %pop/vec4 1;
    %jmp T_15;
    .thread T_15, $push;
# The file index is used to find the file name in the following table.
:file_names 3;
    "N/A";
    "<interactive>";
    "simple_processor32bits.v";
