#! /usr/local/iverilog/bin/vvp
:ivl_version "11.0 (devel)";
:ivl_delay_selection "TYPICAL";
:vpi_time_precision + 0;
:vpi_module "C:\iverilog\lib\ivl\system.vpi";
:vpi_module "C:\iverilog\lib\ivl\vhdl_sys.vpi";
:vpi_module "C:\iverilog\lib\ivl\vhdl_textio.vpi";
:vpi_module "C:\iverilog\lib\ivl\v2005_math.vpi";
:vpi_module "C:\iverilog\lib\ivl\va_math.vpi";
S_0000000000fc6420 .scope module, "data_memory" "data_memory" 2 1;
 .timescale 0 0;
    .port_info 0 /INPUT 64 "Adress";
    .port_info 1 /INPUT 64 "WriteData";
    .port_info 2 /INPUT 1 "MemWrite";
    .port_info 3 /INPUT 1 "MemRead";
    .port_info 4 /INPUT 1 "clk";
    .port_info 5 /OUTPUT 64 "ReadData";
o0000000000896fd8 .functor BUFZ 64, C4<zzzzzzzzzzzzzzzzzzzzzzzzzzzzzzzzzzzzzzzzzzzzzzzzzzzzzzzzzzzzzzzz>; HiZ drive
v0000000000fc6b20_0 .net "Adress", 63 0, o0000000000896fd8;  0 drivers
v0000000000fc65b0 .array "MEMO", 1024 0, 63 0;
o0000000000897008 .functor BUFZ 1, C4<z>; HiZ drive
v0000000000fc6650_0 .net "MemRead", 0 0, o0000000000897008;  0 drivers
o0000000000897038 .functor BUFZ 1, C4<z>; HiZ drive
v0000000000fc66f0_0 .net "MemWrite", 0 0, o0000000000897038;  0 drivers
v0000000000fcbac0_0 .var "ReadData", 63 0;
o0000000000897098 .functor BUFZ 64, C4<zzzzzzzzzzzzzzzzzzzzzzzzzzzzzzzzzzzzzzzzzzzzzzzzzzzzzzzzzzzzzzzz>; HiZ drive
v0000000000fcbb60_0 .net "WriteData", 63 0, o0000000000897098;  0 drivers
o00000000008970c8 .functor BUFZ 1, C4<z>; HiZ drive
v0000000000fcbc00_0 .net "clk", 0 0, o00000000008970c8;  0 drivers
v0000000000fcbca0_0 .var "i", 63 0;
E_0000000000896bd0 .event posedge, v0000000000fcbc00_0;
    .scope S_0000000000fc6420;
T_0 ;
    %pushi/vec4 0, 0, 64;
    %assign/vec4 v0000000000fcbac0_0, 0;
    %pushi/vec4 0, 0, 64;
    %store/vec4 v0000000000fcbca0_0, 0, 64;
T_0.0 ;
    %load/vec4 v0000000000fcbca0_0;
    %cmpi/u 1023, 0, 64;
    %jmp/0xz T_0.1, 5;
    %load/vec4 v0000000000fcbca0_0;
    %ix/getv 4, v0000000000fcbca0_0;
    %store/vec4a v0000000000fc65b0, 4, 0;
    %load/vec4 v0000000000fcbca0_0;
    %addi 1, 0, 64;
    %store/vec4 v0000000000fcbca0_0, 0, 64;
    %jmp T_0.0;
T_0.1 ;
    %end;
    .thread T_0;
    .scope S_0000000000fc6420;
T_1 ;
    %wait E_0000000000896bd0;
    %load/vec4 v0000000000fc66f0_0;
    %cmpi/e 1, 0, 1;
    %jmp/0xz  T_1.0, 4;
    %load/vec4 v0000000000fcbb60_0;
    %ix/getv 3, v0000000000fc6b20_0;
    %ix/load 4, 0, 0; Constant delay
    %assign/vec4/a/d v0000000000fc65b0, 0, 4;
T_1.0 ;
    %load/vec4 v0000000000fc6650_0;
    %cmpi/e 1, 0, 1;
    %jmp/0xz  T_1.2, 4;
    %ix/getv 4, v0000000000fc6b20_0;
    %load/vec4a v0000000000fc65b0, 4;
    %assign/vec4 v0000000000fcbac0_0, 0;
T_1.2 ;
    %jmp T_1;
    .thread T_1;
# The file index is used to find the file name in the following table.
:file_names 3;
    "N/A";
    "<interactive>";
    "data_memory.v";
