#! /c/iverilog/bin/vvp
:ivl_version "12.0 (devel)" "(s20150603-965-g55e06db6)";
:ivl_delay_selection "TYPICAL";
:vpi_time_precision - 9;
:vpi_module "C:\iverilog\lib\ivl\system.vpi";
:vpi_module "C:\iverilog\lib\ivl\vhdl_sys.vpi";
:vpi_module "C:\iverilog\lib\ivl\vhdl_textio.vpi";
:vpi_module "C:\iverilog\lib\ivl\v2005_math.vpi";
:vpi_module "C:\iverilog\lib\ivl\va_math.vpi";
S_00000000009465f0 .scope module, "Programcounter" "Programcounter" 2 3;
 .timescale -9 -9;
    .port_info 0 /INPUT 1 "clk";
    .port_info 1 /INPUT 1 "reset";
    .port_info 2 /OUTPUT 8 "cont";
o0000000000b469b8 .functor BUFZ 1, C4<z>; HiZ drive
v0000000000946780_0 .net "clk", 0 0, o0000000000b469b8;  0 drivers
v0000000000946820_0 .var "cont", 7 0;
o0000000000b46a18 .functor BUFZ 1, C4<z>; HiZ drive
v00000000009468c0_0 .net "reset", 0 0, o0000000000b46a18;  0 drivers
E_0000000000b44790 .event posedge, v0000000000946780_0;
    .scope S_00000000009465f0;
T_0 ;
    %wait E_0000000000b44790;
    %load/vec4 v00000000009468c0_0;
    %nor/r;
    %flag_set/vec4 8;
    %jmp/0xz  T_0.0, 8;
    %load/vec4 v0000000000946820_0;
    %addi 1, 0, 8;
    %store/vec4 v0000000000946820_0, 0, 8;
    %jmp T_0.1;
T_0.0 ;
    %pushi/vec4 0, 0, 8;
    %store/vec4 v0000000000946820_0, 0, 8;
T_0.1 ;
    %jmp T_0;
    .thread T_0;
# The file index is used to find the file name in the following table.
:file_names 3;
    "N/A";
    "<interactive>";
    "ProgramCounter.v";
