#! /usr/local/iverilog/bin/vvp
:ivl_version "11.0 (devel)";
:ivl_delay_selection "TYPICAL";
:vpi_time_precision - 9;
:vpi_module "C:\iverilog\lib\ivl\system.vpi";
:vpi_module "C:\iverilog\lib\ivl\vhdl_sys.vpi";
:vpi_module "C:\iverilog\lib\ivl\vhdl_textio.vpi";
:vpi_module "C:\iverilog\lib\ivl\v2005_math.vpi";
:vpi_module "C:\iverilog\lib\ivl\va_math.vpi";
S_00000000010cb450 .scope module, "ProgramCounter_tb" "ProgramCounter_tb" 2 4;
 .timescale -9 -9;
L_00000000008da028 .functor BUFT 1, C4<000000000000000000000000>, C4<0>, C4<0>, C4<0>;
v0000000000862780_0 .net *"_ivl_3", 23 0, L_00000000008da028;  1 drivers
v0000000000862820_0 .var "clk", 0 0;
v00000000008628c0_0 .net "cont", 31 0, L_0000000000862a00;  1 drivers
v0000000000862960_0 .var "reset", 0 0;
L_0000000000862a00 .concat [ 8 24 0 0], v00000000010cbaa0_0, L_00000000008da028;
S_00000000010cb910 .scope module, "pc" "Programcounter" 2 10, 3 7 0, S_00000000010cb450;
 .timescale -9 -9;
    .port_info 0 /INPUT 1 "clk";
    .port_info 1 /INPUT 1 "reset";
    .port_info 2 /OUTPUT 8 "cont";
    .port_info 3 /INPUT 32 "add";
L_00000000008da070 .functor BUFT 1, C4<0000000000000000000000000000000z>, C4<0>, C4<0>, C4<0>;
v00000000010ca9d0_0 .net "add", 31 0, L_00000000008da070;  1 drivers
v00000000008960c0_0 .net "clk", 0 0, v0000000000862820_0;  1 drivers
v00000000010cbaa0_0 .var "cont", 7 0;
v00000000010cbb40_0 .net "reset", 0 0, v0000000000862960_0;  1 drivers
E_00000000010cc330 .event posedge, v00000000008960c0_0;
    .scope S_00000000010cb910;
T_0 ;
    %wait E_00000000010cc330;
    %load/vec4 v00000000010cbb40_0;
    %flag_set/vec4 8;
    %jmp/0xz  T_0.0, 8;
    %pushi/vec4 0, 0, 8;
    %assign/vec4 v00000000010cbaa0_0, 0;
    %jmp T_0.1;
T_0.0 ;
    %load/vec4 v00000000010ca9d0_0;
    %addi 4, 0, 32;
    %pad/u 8;
    %assign/vec4 v00000000010cbaa0_0, 0;
T_0.1 ;
    %jmp T_0;
    .thread T_0;
    .scope S_00000000010cb450;
T_1 ;
    %pushi/vec4 0, 0, 1;
    %store/vec4 v0000000000862820_0, 0, 1;
    %end;
    .thread T_1;
    .scope S_00000000010cb450;
T_2 ;
    %vpi_call 2 14 "$dumpfile", "ProgramCounter_tb.vcd" {0 0 0};
    %vpi_call 2 15 "$dumpvars" {0 0 0};
    %pushi/vec4 0, 0, 1;
    %store/vec4 v0000000000862960_0, 0, 1;
    %delay 70, 0;
    %pushi/vec4 1, 0, 1;
    %store/vec4 v0000000000862960_0, 0, 1;
    %delay 70, 0;
    %pushi/vec4 0, 0, 1;
    %store/vec4 v0000000000862960_0, 0, 1;
    %delay 70, 0;
    %pushi/vec4 1, 0, 1;
    %store/vec4 v0000000000862960_0, 0, 1;
    %vpi_call 2 23 "$finish", 32'sb00000000000000000000000111110100 {0 0 0};
    %end;
    .thread T_2;
    .scope S_00000000010cb450;
T_3 ;
    %delay 10, 0;
    %load/vec4 v0000000000862820_0;
    %inv;
    %store/vec4 v0000000000862820_0, 0, 1;
    %jmp T_3;
    .thread T_3;
# The file index is used to find the file name in the following table.
:file_names 4;
    "N/A";
    "<interactive>";
    "ProgramCounter_tb.v";
    "./ProgramCounter.v";
