#! /usr/local/iverilog/bin/vvp
:ivl_version "11.0 (devel)";
:ivl_delay_selection "TYPICAL";
:vpi_time_precision - 9;
:vpi_module "C:\iverilog\lib\ivl\system.vpi";
:vpi_module "C:\iverilog\lib\ivl\vhdl_sys.vpi";
:vpi_module "C:\iverilog\lib\ivl\vhdl_textio.vpi";
:vpi_module "C:\iverilog\lib\ivl\v2005_math.vpi";
:vpi_module "C:\iverilog\lib\ivl\va_math.vpi";
S_0000000000887f00 .scope module, "reg_file" "reg_file" 2 1;
 .timescale -9 -9;
    .port_info 0 /INPUT 8 "IN";
    .port_info 1 /OUTPUT 8 "OUT1";
    .port_info 2 /OUTPUT 8 "OUT2";
    .port_info 3 /INPUT 3 "INADDRESS";
    .port_info 4 /INPUT 3 "OUT1ADDRESS";
    .port_info 5 /INPUT 3 "OUT2ADDRESS";
    .port_info 6 /INPUT 1 "WRITE";
    .port_info 7 /INPUT 1 "CLK";
    .port_info 8 /INPUT 1 "RESET";
L_000000000099eb50/d .functor BUFZ 8, L_0000000000891780, C4<00000000>, C4<00000000>, C4<00000000>;
L_000000000099eb50 .delay 8 (2,2,2) L_000000000099eb50/d;
L_0000000000891e50/d .functor BUFZ 8, L_0000000000891a00, C4<00000000>, C4<00000000>, C4<00000000>;
L_0000000000891e50 .delay 8 (2,2,2) L_0000000000891e50/d;
o0000000000897fa8 .functor BUFZ 1, C4<z>; HiZ drive
v0000000000888090_0 .net "CLK", 0 0, o0000000000897fa8;  0 drivers
o0000000000897fd8 .functor BUFZ 8, C4<zzzzzzzz>; HiZ drive
v0000000000888130_0 .net "IN", 7 0, o0000000000897fd8;  0 drivers
o0000000000898008 .functor BUFZ 3, C4<zzz>; HiZ drive
v0000000000996770_0 .net "INADDRESS", 2 0, o0000000000898008;  0 drivers
v000000000099e8d0_0 .net "OUT1", 7 0, L_000000000099eb50;  1 drivers
o0000000000898068 .functor BUFZ 3, C4<zzz>; HiZ drive
v000000000099e970_0 .net "OUT1ADDRESS", 2 0, o0000000000898068;  0 drivers
v000000000099ea10_0 .net "OUT2", 7 0, L_0000000000891e50;  1 drivers
o00000000008980c8 .functor BUFZ 3, C4<zzz>; HiZ drive
v000000000099eab0_0 .net "OUT2ADDRESS", 2 0, o00000000008980c8;  0 drivers
o00000000008980f8 .functor BUFZ 1, C4<z>; HiZ drive
v0000000000891aa0_0 .net "RESET", 0 0, o00000000008980f8;  0 drivers
o0000000000898128 .functor BUFZ 1, C4<z>; HiZ drive
v0000000000891140_0 .net "WRITE", 0 0, o0000000000898128;  0 drivers
v0000000000890f60_0 .net *"_ivl_0", 7 0, L_0000000000891780;  1 drivers
v0000000000891500_0 .net *"_ivl_10", 4 0, L_00000000008911e0;  1 drivers
L_00000000008e1070 .functor BUFT 1, C4<00>, C4<0>, C4<0>, C4<0>;
v0000000000891000_0 .net *"_ivl_13", 1 0, L_00000000008e1070;  1 drivers
v00000000008916e0_0 .net *"_ivl_2", 4 0, L_0000000000891820;  1 drivers
L_00000000008e1028 .functor BUFT 1, C4<00>, C4<0>, C4<0>, C4<0>;
v00000000008910a0_0 .net *"_ivl_5", 1 0, L_00000000008e1028;  1 drivers
v0000000000891b40_0 .net *"_ivl_8", 7 0, L_0000000000891a00;  1 drivers
v0000000000890ec0_0 .var/i "i", 31 0;
v0000000000890e20 .array "regFile", 7 0, 7 0;
E_0000000000999460 .event posedge, v0000000000888090_0;
E_0000000000999b20 .event edge, v0000000000891aa0_0;
L_0000000000891780 .array/port v0000000000890e20, L_0000000000891820;
L_0000000000891820 .concat [ 3 2 0 0], o0000000000898068, L_00000000008e1028;
L_0000000000891a00 .array/port v0000000000890e20, L_00000000008911e0;
L_00000000008911e0 .concat [ 3 2 0 0], o00000000008980c8, L_00000000008e1070;
S_000000000099e740 .scope module, "register_memory_tb" "register_memory_tb" 3 4;
 .timescale -9 -9;
    .scope S_0000000000887f00;
T_0 ;
    %wait E_0000000000999b20;
    %load/vec4 v0000000000891aa0_0;
    %pad/u 32;
    %cmpi/e 1, 0, 32;
    %jmp/0xz  T_0.0, 4;
    %delay 2, 0;
    %pushi/vec4 0, 0, 32;
    %store/vec4 v0000000000890ec0_0, 0, 32;
T_0.2 ;
    %load/vec4 v0000000000890ec0_0;
    %cmpi/s 8, 0, 32;
    %jmp/0xz T_0.3, 5;
    %pushi/vec4 0, 0, 8;
    %ix/getv/s 4, v0000000000890ec0_0;
    %store/vec4a v0000000000890e20, 4, 0;
    %load/vec4 v0000000000890ec0_0;
    %addi 1, 0, 32;
    %store/vec4 v0000000000890ec0_0, 0, 32;
    %jmp T_0.2;
T_0.3 ;
T_0.0 ;
    %jmp T_0;
    .thread T_0, $push;
    .scope S_0000000000887f00;
T_1 ;
    %wait E_0000000000999460;
    %load/vec4 v0000000000891140_0;
    %pushi/vec4 1, 0, 1;
    %cmp/e;
    %flag_get/vec4 4;
    %load/vec4 v0000000000891aa0_0;
    %pushi/vec4 0, 0, 1;
    %cmp/e;
    %flag_get/vec4 4;
    %and;
    %flag_set/vec4 8;
    %jmp/0xz  T_1.0, 8;
    %delay 2, 0;
    %load/vec4 v0000000000888130_0;
    %load/vec4 v0000000000996770_0;
    %pad/u 5;
    %ix/vec4 4;
    %store/vec4a v0000000000890e20, 4, 0;
T_1.0 ;
    %jmp T_1;
    .thread T_1;
    .scope S_000000000099e740;
T_2 ;
    %vpi_call 3 8 "$dumpfile", "register_memory_tb.vcd" {0 0 0};
    %vpi_call 3 9 "$dumpvars" {0 0 0};
    %end;
    .thread T_2;
# The file index is used to find the file name in the following table.
:file_names 4;
    "N/A";
    "<interactive>";
    "./registerMemory.v";
    "register_memory_tb.v";
