#! /usr/local/iverilog/bin/vvp
:ivl_version "11.0 (devel)";
:ivl_delay_selection "TYPICAL";
:vpi_time_precision + 0;
:vpi_module "C:\iverilog\lib\ivl\system.vpi";
:vpi_module "C:\iverilog\lib\ivl\vhdl_sys.vpi";
:vpi_module "C:\iverilog\lib\ivl\vhdl_textio.vpi";
:vpi_module "C:\iverilog\lib\ivl\v2005_math.vpi";
:vpi_module "C:\iverilog\lib\ivl\va_math.vpi";
S_00000000011d6310 .scope module, "reg_file" "reg_file" 2 1;
 .timescale 0 0;
    .port_info 0 /INPUT 8 "IN";
    .port_info 1 /OUTPUT 8 "OUT1";
    .port_info 2 /OUTPUT 8 "OUT2";
    .port_info 3 /INPUT 3 "INADDRESS";
    .port_info 4 /INPUT 3 "OUT1ADDRESS";
    .port_info 5 /INPUT 3 "OUT2ADDRESS";
    .port_info 6 /INPUT 1 "WRITE";
    .port_info 7 /INPUT 1 "CLK";
    .port_info 8 /INPUT 1 "RESET";
L_0000000000894390/d .functor BUFZ 8, L_00000000008dcf80, C4<00000000>, C4<00000000>, C4<00000000>;
L_0000000000894390 .delay 8 (2,2,2) L_0000000000894390/d;
L_0000000000894400/d .functor BUFZ 8, L_00000000008dc3a0, C4<00000000>, C4<00000000>, C4<00000000>;
L_0000000000894400 .delay 8 (2,2,2) L_0000000000894400/d;
o0000000000896f98 .functor BUFZ 1, C4<z>; HiZ drive
v00000000011d6540_0 .net "CLK", 0 0, o0000000000896f98;  0 drivers
o0000000000896fc8 .functor BUFZ 8, C4<zzzzzzzz>; HiZ drive
v00000000011d65e0_0 .net "IN", 7 0, o0000000000896fc8;  0 drivers
o0000000000896ff8 .functor BUFZ 3, C4<zzz>; HiZ drive
v00000000011d6680_0 .net "INADDRESS", 2 0, o0000000000896ff8;  0 drivers
v00000000011d6720_0 .net "OUT1", 7 0, L_0000000000894390;  1 drivers
o0000000000897058 .functor BUFZ 3, C4<zzz>; HiZ drive
v00000000008940a0_0 .net "OUT1ADDRESS", 2 0, o0000000000897058;  0 drivers
v0000000000894140_0 .net "OUT2", 7 0, L_0000000000894400;  1 drivers
o00000000008970b8 .functor BUFZ 3, C4<zzz>; HiZ drive
v00000000008941e0_0 .net "OUT2ADDRESS", 2 0, o00000000008970b8;  0 drivers
o00000000008970e8 .functor BUFZ 1, C4<z>; HiZ drive
v00000000008dc9e0_0 .net "RESET", 0 0, o00000000008970e8;  0 drivers
o0000000000897118 .functor BUFZ 1, C4<z>; HiZ drive
v00000000008dcc60_0 .net "WRITE", 0 0, o0000000000897118;  0 drivers
v00000000008dc620_0 .net *"_ivl_0", 7 0, L_00000000008dcf80;  1 drivers
v00000000008dcee0_0 .net *"_ivl_10", 4 0, L_00000000008dc120;  1 drivers
L_00000000008dd090 .functor BUFT 1, C4<00>, C4<0>, C4<0>, C4<0>;
v00000000008dc260_0 .net *"_ivl_13", 1 0, L_00000000008dd090;  1 drivers
v00000000008dc580_0 .net *"_ivl_2", 4 0, L_00000000008dc080;  1 drivers
L_00000000008dd048 .functor BUFT 1, C4<00>, C4<0>, C4<0>, C4<0>;
v00000000008dc300_0 .net *"_ivl_5", 1 0, L_00000000008dd048;  1 drivers
v00000000008dc6c0_0 .net *"_ivl_8", 7 0, L_00000000008dc3a0;  1 drivers
v00000000008dc440_0 .var/i "i", 31 0;
v00000000008dc940 .array "regFile", 7 0, 7 0;
E_00000000011dae30 .event posedge, v00000000011d6540_0;
E_00000000011da770 .event edge, v00000000008dc9e0_0;
L_00000000008dcf80 .array/port v00000000008dc940, L_00000000008dc080;
L_00000000008dc080 .concat [ 3 2 0 0], o0000000000897058, L_00000000008dd048;
L_00000000008dc3a0 .array/port v00000000008dc940, L_00000000008dc120;
L_00000000008dc120 .concat [ 3 2 0 0], o00000000008970b8, L_00000000008dd090;
    .scope S_00000000011d6310;
T_0 ;
    %wait E_00000000011da770;
    %load/vec4 v00000000008dc9e0_0;
    %pad/u 32;
    %cmpi/e 1, 0, 32;
    %jmp/0xz  T_0.0, 4;
    %delay 2, 0;
    %pushi/vec4 0, 0, 32;
    %store/vec4 v00000000008dc440_0, 0, 32;
T_0.2 ;
    %load/vec4 v00000000008dc440_0;
    %cmpi/s 8, 0, 32;
    %jmp/0xz T_0.3, 5;
    %pushi/vec4 0, 0, 8;
    %ix/getv/s 4, v00000000008dc440_0;
    %store/vec4a v00000000008dc940, 4, 0;
    %load/vec4 v00000000008dc440_0;
    %addi 1, 0, 32;
    %store/vec4 v00000000008dc440_0, 0, 32;
    %jmp T_0.2;
T_0.3 ;
T_0.0 ;
    %jmp T_0;
    .thread T_0, $push;
    .scope S_00000000011d6310;
T_1 ;
    %wait E_00000000011dae30;
    %load/vec4 v00000000008dcc60_0;
    %pushi/vec4 1, 0, 1;
    %cmp/e;
    %flag_get/vec4 4;
    %load/vec4 v00000000008dc9e0_0;
    %pushi/vec4 0, 0, 1;
    %cmp/e;
    %flag_get/vec4 4;
    %and;
    %flag_set/vec4 8;
    %jmp/0xz  T_1.0, 8;
    %delay 2, 0;
    %load/vec4 v00000000011d65e0_0;
    %load/vec4 v00000000011d6680_0;
    %pad/u 5;
    %ix/vec4 4;
    %store/vec4a v00000000008dc940, 4, 0;
T_1.0 ;
    %jmp T_1;
    .thread T_1;
# The file index is used to find the file name in the following table.
:file_names 3;
    "N/A";
    "<interactive>";
    "registerMemory.v";
