#! /c/iverilog/bin/vvp
:ivl_version "12.0 (devel)" "(s20150603-965-g55e06db6)";
:ivl_delay_selection "TYPICAL";
:vpi_time_precision + 0;
:vpi_module "C:\iverilog\lib\ivl\system.vpi";
:vpi_module "C:\iverilog\lib\ivl\vhdl_sys.vpi";
:vpi_module "C:\iverilog\lib\ivl\vhdl_textio.vpi";
:vpi_module "C:\iverilog\lib\ivl\v2005_math.vpi";
:vpi_module "C:\iverilog\lib\ivl\va_math.vpi";
S_0000000000c66450 .scope module, "ALUcontrol" "ALUcontrol" 2 22;
 .timescale 0 0;
    .port_info 0 /INPUT 2 "ALUop";
    .port_info 1 /INPUT 3 "FuncCode";
    .port_info 2 /INPUT 1 "FuncCodeSeven";
    .port_info 3 /OUTPUT 4 "ALU_Cnt";
v0000000000c665e0_0 .net "ALUControlIn", 5 0, L_0000000000c6b850;  1 drivers
v0000000000c66680_0 .var "ALU_Cnt", 3 0;
o00000000008a7008 .functor BUFZ 2, C4<zz>; HiZ drive
v0000000000c66720_0 .net "ALUop", 1 0, o00000000008a7008;  0 drivers
o00000000008a7038 .functor BUFZ 3, C4<zzz>; HiZ drive
v0000000000c667c0_0 .net "FuncCode", 2 0, o00000000008a7038;  0 drivers
o00000000008a7068 .functor BUFZ 1, C4<z>; HiZ drive
v0000000000c66860_0 .net "FuncCodeSeven", 0 0, o00000000008a7068;  0 drivers
E_0000000000c6c470 .event edge, v0000000000c665e0_0;
L_0000000000c6b850 .concat [ 1 3 2 0], o00000000008a7068, o00000000008a7038, o00000000008a7008;
    .scope S_0000000000c66450;
T_0 ;
    %wait E_0000000000c6c470;
    %load/vec4 v0000000000c665e0_0;
    %dup/vec4;
    %pushi/vec4 32, 0, 6;
    %cmp/x;
    %jmp/1 T_0.0, 4;
    %dup/vec4;
    %pushi/vec4 16, 0, 6;
    %cmp/x;
    %jmp/1 T_0.1, 4;
    %dup/vec4;
    %pushi/vec4 46, 0, 6;
    %cmp/x;
    %jmp/1 T_0.2, 4;
    %dup/vec4;
    %pushi/vec4 44, 0, 6;
    %cmp/x;
    %jmp/1 T_0.3, 4;
    %dup/vec4;
    %pushi/vec4 7, 1, 6;
    %cmp/x;
    %jmp/1 T_0.4, 4;
    %dup/vec4;
    %pushi/vec4 39, 1, 6;
    %cmp/x;
    %jmp/1 T_0.5, 4;
    %dup/vec4;
    %pushi/vec4 17, 1, 6;
    %cmp/x;
    %jmp/1 T_0.6, 4;
    %pushi/vec4 0, 0, 4;
    %store/vec4 v0000000000c66680_0, 0, 4;
    %jmp T_0.8;
T_0.0 ;
    %pushi/vec4 0, 0, 4;
    %store/vec4 v0000000000c66680_0, 0, 4;
    %jmp T_0.8;
T_0.1 ;
    %pushi/vec4 1, 0, 4;
    %store/vec4 v0000000000c66680_0, 0, 4;
    %jmp T_0.8;
T_0.2 ;
    %pushi/vec4 0, 0, 4;
    %store/vec4 v0000000000c66680_0, 0, 4;
    %jmp T_0.8;
T_0.3 ;
    %pushi/vec4 1, 0, 4;
    %store/vec4 v0000000000c66680_0, 0, 4;
    %jmp T_0.8;
T_0.4 ;
    %pushi/vec4 2, 0, 4;
    %store/vec4 v0000000000c66680_0, 0, 4;
    %jmp T_0.8;
T_0.5 ;
    %pushi/vec4 3, 0, 4;
    %store/vec4 v0000000000c66680_0, 0, 4;
    %jmp T_0.8;
T_0.6 ;
    %pushi/vec4 4, 0, 4;
    %store/vec4 v0000000000c66680_0, 0, 4;
    %jmp T_0.8;
T_0.8 ;
    %pop/vec4 1;
    %jmp T_0;
    .thread T_0, $push;
# The file index is used to find the file name in the following table.
:file_names 3;
    "N/A";
    "<interactive>";
    "alu_control.v";
