#! /usr/local/iverilog/bin/vvp
:ivl_version "11.0 (devel)";
:ivl_delay_selection "TYPICAL";
:vpi_time_precision + 0;
:vpi_module "C:\iverilog\lib\ivl\system.vpi";
:vpi_module "C:\iverilog\lib\ivl\vhdl_sys.vpi";
:vpi_module "C:\iverilog\lib\ivl\vhdl_textio.vpi";
:vpi_module "C:\iverilog\lib\ivl\v2005_math.vpi";
:vpi_module "C:\iverilog\lib\ivl\va_math.vpi";
S_0000000000d16d30 .scope module, "pc_im" "pc_im" 2 1;
 .timescale 0 0;
    .port_info 0 /INPUT 1 "clk";
    .port_info 1 /INPUT 1 "reset";
    .port_info 2 /OUTPUT 32 "cont";
    .port_info 3 /INPUT 32 "add";
    .port_info 4 /OUTPUT 32 "instruction";
    .port_info 5 /OUTPUT 32 "cont";
o0000000000d16fd8 .functor BUFZ 32, C4<zzzzzzzzzzzzzzzzzzzzzzzzzzzzzzzz>; HiZ drive
v0000000000d16f30_0 .net "add", 31 0, o0000000000d16fd8;  0 drivers
o0000000000d17008 .functor BUFZ 1, C4<z>; HiZ drive
v0000000000ce2b20_0 .net "clk", 0 0, o0000000000d17008;  0 drivers
v000000000090d460_0 .var "cont", 31 0;
v000000000090d500_0 .var "instruction", 31 0;
o0000000000d17098 .functor BUFZ 1, C4<z>; HiZ drive
v000000000090d5a0_0 .net "reset", 0 0, o0000000000d17098;  0 drivers
# The file index is used to find the file name in the following table.
:file_names 3;
    "N/A";
    "<interactive>";
    "PC_IM.v";
