#! /c/iverilog/bin/vvp
:ivl_version "12.0 (devel)" "(s20150603-965-g55e06db6)";
:ivl_delay_selection "TYPICAL";
:vpi_time_precision + 0;
:vpi_module "C:\iverilog\lib\ivl\system.vpi";
:vpi_module "C:\iverilog\lib\ivl\vhdl_sys.vpi";
:vpi_module "C:\iverilog\lib\ivl\vhdl_textio.vpi";
:vpi_module "C:\iverilog\lib\ivl\v2005_math.vpi";
:vpi_module "C:\iverilog\lib\ivl\va_math.vpi";
S_0000000000196460 .scope module, "alu" "alu" 2 38;
 .timescale 0 0;
    .port_info 0 /INPUT 8 "a";
    .port_info 1 /INPUT 8 "b";
    .port_info 2 /INPUT 4 "opcode";
    .port_info 3 /OUTPUT 8 "resultado";
    .port_info 4 /OUTPUT 1 "zero";
L_000000000019bf70 .functor BUFZ 8, v0000000000196c70_0, C4<00000000>, C4<00000000>, C4<00000000>;
v0000000000196c70_0 .var "ALU_Result", 7 0;
L_0000000000ab5858 .functor BUFT 1, C4<0>, C4<0>, C4<0>, C4<0>;
v0000000000196eb0_0 .net/2u *"_ivl_2", 0 0, L_0000000000ab5858;  1 drivers
v0000000000198b70_0 .net *"_ivl_4", 8 0, L_0000000000ab4c50;  1 drivers
L_0000000000ab58a0 .functor BUFT 1, C4<0>, C4<0>, C4<0>, C4<0>;
v0000000000a6aff0_0 .net/2u *"_ivl_6", 0 0, L_0000000000ab58a0;  1 drivers
v000000000019bd90_0 .net *"_ivl_8", 8 0, L_0000000000ab5470;  1 drivers
o0000000000a6c0c8 .functor BUFZ 8, C4<zzzzzzzz>; HiZ drive
v000000000019be30_0 .net "a", 7 0, o0000000000a6c0c8;  0 drivers
o0000000000a6c0f8 .functor BUFZ 8, C4<zzzzzzzz>; HiZ drive
v000000000019bed0_0 .net "b", 7 0, o0000000000a6c0f8;  0 drivers
o0000000000a6c128 .functor BUFZ 4, C4<zzzz>; HiZ drive
v00000000001965f0_0 .net "opcode", 3 0, o0000000000a6c128;  0 drivers
v0000000000196690_0 .net "resultado", 7 0, L_000000000019bf70;  1 drivers
v0000000000196730_0 .net "tmp", 8 0, L_0000000000ab4ed0;  1 drivers
v0000000000ab53d0_0 .net "zero", 0 0, L_0000000000ab4890;  1 drivers
E_000000000019ac30 .event edge, v00000000001965f0_0, v000000000019be30_0, v000000000019bed0_0;
L_0000000000ab4c50 .concat [ 8 1 0 0], o0000000000a6c0c8, L_0000000000ab5858;
L_0000000000ab5470 .concat [ 8 1 0 0], o0000000000a6c0f8, L_0000000000ab58a0;
L_0000000000ab4ed0 .arith/sum 9, L_0000000000ab4c50, L_0000000000ab5470;
L_0000000000ab4890 .part L_0000000000ab4ed0, 8, 1;
    .scope S_0000000000196460;
T_0 ;
    %wait E_000000000019ac30;
    %load/vec4 v00000000001965f0_0;
    %dup/vec4;
    %pushi/vec4 0, 0, 4;
    %cmp/u;
    %jmp/1 T_0.0, 6;
    %dup/vec4;
    %pushi/vec4 1, 0, 4;
    %cmp/u;
    %jmp/1 T_0.1, 6;
    %dup/vec4;
    %pushi/vec4 2, 0, 4;
    %cmp/u;
    %jmp/1 T_0.2, 6;
    %dup/vec4;
    %pushi/vec4 3, 0, 4;
    %cmp/u;
    %jmp/1 T_0.3, 6;
    %dup/vec4;
    %pushi/vec4 4, 0, 4;
    %cmp/u;
    %jmp/1 T_0.4, 6;
    %dup/vec4;
    %pushi/vec4 5, 0, 4;
    %cmp/u;
    %jmp/1 T_0.5, 6;
    %dup/vec4;
    %pushi/vec4 6, 0, 4;
    %cmp/u;
    %jmp/1 T_0.6, 6;
    %dup/vec4;
    %pushi/vec4 7, 0, 4;
    %cmp/u;
    %jmp/1 T_0.7, 6;
    %dup/vec4;
    %pushi/vec4 8, 0, 4;
    %cmp/u;
    %jmp/1 T_0.8, 6;
    %dup/vec4;
    %pushi/vec4 9, 0, 4;
    %cmp/u;
    %jmp/1 T_0.9, 6;
    %dup/vec4;
    %pushi/vec4 10, 0, 4;
    %cmp/u;
    %jmp/1 T_0.10, 6;
    %dup/vec4;
    %pushi/vec4 11, 0, 4;
    %cmp/u;
    %jmp/1 T_0.11, 6;
    %dup/vec4;
    %pushi/vec4 12, 0, 4;
    %cmp/u;
    %jmp/1 T_0.12, 6;
    %dup/vec4;
    %pushi/vec4 13, 0, 4;
    %cmp/u;
    %jmp/1 T_0.13, 6;
    %dup/vec4;
    %pushi/vec4 14, 0, 4;
    %cmp/u;
    %jmp/1 T_0.14, 6;
    %dup/vec4;
    %pushi/vec4 15, 0, 4;
    %cmp/u;
    %jmp/1 T_0.15, 6;
    %load/vec4 v000000000019be30_0;
    %load/vec4 v000000000019bed0_0;
    %add;
    %store/vec4 v0000000000196c70_0, 0, 8;
    %jmp T_0.17;
T_0.0 ;
    %load/vec4 v000000000019be30_0;
    %load/vec4 v000000000019bed0_0;
    %add;
    %store/vec4 v0000000000196c70_0, 0, 8;
    %jmp T_0.17;
T_0.1 ;
    %load/vec4 v000000000019be30_0;
    %load/vec4 v000000000019bed0_0;
    %sub;
    %store/vec4 v0000000000196c70_0, 0, 8;
    %jmp T_0.17;
T_0.2 ;
    %load/vec4 v000000000019be30_0;
    %load/vec4 v000000000019bed0_0;
    %mul;
    %store/vec4 v0000000000196c70_0, 0, 8;
    %jmp T_0.17;
T_0.3 ;
    %load/vec4 v000000000019be30_0;
    %load/vec4 v000000000019bed0_0;
    %div;
    %store/vec4 v0000000000196c70_0, 0, 8;
    %jmp T_0.17;
T_0.4 ;
    %load/vec4 v000000000019be30_0;
    %ix/load 4, 1, 0;
    %flag_set/imm 4, 0;
    %shiftl 4;
    %store/vec4 v0000000000196c70_0, 0, 8;
    %jmp T_0.17;
T_0.5 ;
    %load/vec4 v000000000019be30_0;
    %ix/load 4, 1, 0;
    %flag_set/imm 4, 0;
    %shiftr 4;
    %store/vec4 v0000000000196c70_0, 0, 8;
    %jmp T_0.17;
T_0.6 ;
    %load/vec4 v000000000019be30_0;
    %parti/s 7, 0, 2;
    %load/vec4 v000000000019be30_0;
    %parti/s 1, 7, 4;
    %concat/vec4; draw_concat_vec4
    %store/vec4 v0000000000196c70_0, 0, 8;
    %jmp T_0.17;
T_0.7 ;
    %load/vec4 v000000000019be30_0;
    %parti/s 1, 0, 2;
    %load/vec4 v000000000019be30_0;
    %parti/s 7, 1, 2;
    %concat/vec4; draw_concat_vec4
    %store/vec4 v0000000000196c70_0, 0, 8;
    %jmp T_0.17;
T_0.8 ;
    %load/vec4 v000000000019be30_0;
    %load/vec4 v000000000019bed0_0;
    %and;
    %store/vec4 v0000000000196c70_0, 0, 8;
    %jmp T_0.17;
T_0.9 ;
    %load/vec4 v000000000019be30_0;
    %load/vec4 v000000000019bed0_0;
    %or;
    %store/vec4 v0000000000196c70_0, 0, 8;
    %jmp T_0.17;
T_0.10 ;
    %load/vec4 v000000000019be30_0;
    %load/vec4 v000000000019bed0_0;
    %xor;
    %store/vec4 v0000000000196c70_0, 0, 8;
    %jmp T_0.17;
T_0.11 ;
    %load/vec4 v000000000019be30_0;
    %load/vec4 v000000000019bed0_0;
    %or;
    %inv;
    %store/vec4 v0000000000196c70_0, 0, 8;
    %jmp T_0.17;
T_0.12 ;
    %load/vec4 v000000000019be30_0;
    %load/vec4 v000000000019bed0_0;
    %and;
    %inv;
    %store/vec4 v0000000000196c70_0, 0, 8;
    %jmp T_0.17;
T_0.13 ;
    %load/vec4 v000000000019be30_0;
    %load/vec4 v000000000019bed0_0;
    %xor;
    %inv;
    %store/vec4 v0000000000196c70_0, 0, 8;
    %jmp T_0.17;
T_0.14 ;
    %load/vec4 v000000000019bed0_0;
    %load/vec4 v000000000019be30_0;
    %cmp/u;
    %flag_mov 8, 5;
    %jmp/0 T_0.18, 8;
    %pushi/vec4 1, 0, 8;
    %jmp/1 T_0.19, 8;
T_0.18 ; End of true expr.
    %pushi/vec4 0, 0, 8;
    %jmp/0 T_0.19, 8;
 ; End of false expr.
    %blend;
T_0.19;
    %store/vec4 v0000000000196c70_0, 0, 8;
    %jmp T_0.17;
T_0.15 ;
    %load/vec4 v000000000019be30_0;
    %load/vec4 v000000000019bed0_0;
    %cmp/e;
    %flag_mov 8, 4;
    %jmp/0 T_0.20, 8;
    %pushi/vec4 1, 0, 8;
    %jmp/1 T_0.21, 8;
T_0.20 ; End of true expr.
    %pushi/vec4 0, 0, 8;
    %jmp/0 T_0.21, 8;
 ; End of false expr.
    %blend;
T_0.21;
    %store/vec4 v0000000000196c70_0, 0, 8;
    %jmp T_0.17;
T_0.17 ;
    %pop/vec4 1;
    %jmp T_0;
    .thread T_0, $push;
# The file index is used to find the file name in the following table.
:file_names 3;
    "N/A";
    "<interactive>";
    "alu.v";
