#! /usr/local/iverilog/bin/vvp
:ivl_version "11.0 (devel)";
:ivl_delay_selection "TYPICAL";
:vpi_time_precision - 9;
:vpi_module "C:\iverilog\lib\ivl\system.vpi";
:vpi_module "C:\iverilog\lib\ivl\vhdl_sys.vpi";
:vpi_module "C:\iverilog\lib\ivl\vhdl_textio.vpi";
:vpi_module "C:\iverilog\lib\ivl\v2005_math.vpi";
:vpi_module "C:\iverilog\lib\ivl\va_math.vpi";
S_0000000000c55fc0 .scope module, "instructionMemory_tb" "instructionMemory_tb" 2 4;
 .timescale -9 -9;
v0000000000c0b6b0_0 .var "address", 7 0;
v0000000000c0b750_0 .var "clk", 0 0;
v0000000000c0b7f0_0 .net "instruction", 31 0, v0000000000c56380_0;  1 drivers
S_0000000000c56150 .scope module, "im" "InstructionMemory" 2 10, 3 1 0, S_0000000000c55fc0;
 .timescale -9 -9;
    .port_info 0 /INPUT 1 "clk";
    .port_info 1 /INPUT 8 "address";
    .port_info 2 /OUTPUT 32 "instruction";
v0000000000c09fc0 .array "Imem", 4 0, 31 0;
v0000000000c562e0_0 .net "address", 7 0, v0000000000c0b6b0_0;  1 drivers
v0000000000c22b80_0 .net "clk", 0 0, v0000000000c0b750_0;  1 drivers
v0000000000c56380_0 .var "instruction", 31 0;
v0000000000c0b610_0 .var "memAddr", 7 0;
E_0000000000c0c4d0 .event posedge, v0000000000c22b80_0;
    .scope S_0000000000c56150;
T_0 ;
    %vpi_call 3 18 "$readmemb", "Instruction.txt", v0000000000c09fc0 {0 0 0};
    %end;
    .thread T_0;
    .scope S_0000000000c56150;
T_1 ;
    %wait E_0000000000c0c4d0;
    %load/vec4 v0000000000c562e0_0;
    %store/vec4 v0000000000c0b610_0, 0, 8;
    %ix/getv 4, v0000000000c0b610_0;
    %load/vec4a v0000000000c09fc0, 4;
    %store/vec4 v0000000000c56380_0, 0, 32;
    %jmp T_1;
    .thread T_1;
    .scope S_0000000000c55fc0;
T_2 ;
    %pushi/vec4 0, 0, 1;
    %store/vec4 v0000000000c0b750_0, 0, 1;
    %end;
    .thread T_2;
    .scope S_0000000000c55fc0;
T_3 ;
    %vpi_call 2 15 "$dumpfile", "InstructionMemory_tb.vcd" {0 0 0};
    %vpi_call 2 16 "$dumpvars" {0 0 0};
    %pushi/vec4 0, 0, 8;
    %store/vec4 v0000000000c0b6b0_0, 0, 8;
    %vpi_call 2 18 "$monitor", $realtime, " Instruction = %0b", v0000000000c0b7f0_0 {0 0 0};
    %pushi/vec4 4, 0, 32;
T_3.0 %dup/vec4;
    %pushi/vec4 0, 0, 32;
    %cmp/s;
    %jmp/1xz T_3.1, 5;
    %jmp/1 T_3.1, 4;
    %pushi/vec4 1, 0, 32;
    %sub;
    %delay 50, 0;
    %load/vec4 v0000000000c0b6b0_0;
    %addi 1, 0, 8;
    %store/vec4 v0000000000c0b6b0_0, 0, 8;
    %jmp T_3.0;
T_3.1 ;
    %pop/vec4 1;
    %vpi_call 2 24 "$finish" {0 0 0};
    %end;
    .thread T_3;
    .scope S_0000000000c55fc0;
T_4 ;
    %delay 10, 0;
    %load/vec4 v0000000000c0b750_0;
    %inv;
    %store/vec4 v0000000000c0b750_0, 0, 1;
    %jmp T_4;
    .thread T_4;
# The file index is used to find the file name in the following table.
:file_names 4;
    "N/A";
    "<interactive>";
    "instructionMemory_tb.v";
    "./instructionMemory.v";
