#! /usr/local/iverilog/bin/vvp
:ivl_version "11.0 (devel)";
:ivl_delay_selection "TYPICAL";
:vpi_time_precision + 0;
:vpi_module "C:\iverilog\lib\ivl\system.vpi";
:vpi_module "C:\iverilog\lib\ivl\vhdl_sys.vpi";
:vpi_module "C:\iverilog\lib\ivl\vhdl_textio.vpi";
:vpi_module "C:\iverilog\lib\ivl\v2005_math.vpi";
:vpi_module "C:\iverilog\lib\ivl\va_math.vpi";
S_0000000000986420 .scope module, "InstructionMemory" "InstructionMemory" 2 1;
 .timescale 0 0;
    .port_info 0 /INPUT 1 "clk";
    .port_info 1 /INPUT 8 "address";
    .port_info 2 /OUTPUT 32 "instruction";
v00000000009865b0 .array "Imem", 4 0, 31 0;
o0000000000896fb8 .functor BUFZ 8, C4<zzzzzzzz>; HiZ drive
v0000000000986650_0 .net "address", 7 0, o0000000000896fb8;  0 drivers
o0000000000896fe8 .functor BUFZ 1, C4<z>; HiZ drive
v00000000009866f0_0 .net "clk", 0 0, o0000000000896fe8;  0 drivers
v000000000098da10_0 .var "instruction", 31 0;
v000000000098dab0_0 .var "memAddr", 7 0;
E_0000000000896380 .event posedge, v00000000009866f0_0;
    .scope S_0000000000986420;
T_0 ;
    %vpi_call 2 19 "$readmemb", "Instruction.txt", v00000000009865b0 {0 0 0};
    %end;
    .thread T_0;
    .scope S_0000000000986420;
T_1 ;
    %wait E_0000000000896380;
    %delay 10, 0;
    %load/vec4 v0000000000986650_0;
    %store/vec4 v000000000098dab0_0, 0, 8;
    %ix/getv 4, v000000000098dab0_0;
    %load/vec4a v00000000009865b0, 4;
    %store/vec4 v000000000098da10_0, 0, 32;
    %jmp T_1;
    .thread T_1;
# The file index is used to find the file name in the following table.
:file_names 3;
    "N/A";
    "<interactive>";
    "instructionMemory.v";
